#
# There is insufficient memory for the Java Runtime Environment to continue.
# Native memory allocation (malloc) failed to allocate 32744 bytes for ChunkPool::allocate
# Possible reasons:
#   The system is out of physical RAM or swap space
#   The process is running with CompressedOops enabled, and the Java Heap may be blocking the growth of the native heap
# Possible solutions:
#   Reduce memory load on the system
#   Increase physical memory or swap space
#   Check if swap backing store is full
#   Decrease Java heap size (-Xmx/-Xms)
#   Decrease number of Java threads
#   Decrease Java thread stack sizes (-Xss)
#   Set larger code cache with -XX:ReservedCodeCacheSize=
#   JVM is running with Unscaled Compressed Oops mode in which the Java heap is
#     placed in the first 4GB address space. The Java Heap base address is the
#     maximum limit for the native heap growth. Please use -XX:HeapBaseMinAddress
#     to set the Java Heap base and to place the Java Heap above 4GB virtual address.
# This output file may be truncated or incomplete.
#
#  Out of Memory Error (arena.cpp:78), pid=8276, tid=12168
#
# JRE version: OpenJDK Runtime Environment Temurin-17.0.3+7 (17.0.3+7) (build 17.0.3+7)
# Java VM: OpenJDK 64-Bit Server VM Temurin-17.0.3+7 (17.0.3+7, mixed mode, tiered, compressed oops, compressed class ptrs, g1 gc, windows-amd64)
# No core dump will be written. Minidumps are not enabled by default on client versions of Windows
#

---------------  S U M M A R Y ------------

Command Line: -ea -Dfile.encoding=UTF-8 -XX:+ShowCodeDetailsInExceptionMessages org.testng.remote.RemoteTestNG -serport 52336 -protocol json -d C:\Users\ukumar\Downloads\SoapWebServiceTest\test-output C:\Users\ukumar\AppData\Local\Temp\testng-eclipse-1641235128\testng-customsuite.xml

Host: Intel(R) Xeon(R) Gold 6240 CPU @ 2.60GHz, 2 cores, 7G,  Windows 10 , 64 bit Build 14393 (10.0.14393.5127)
Time: Sat Nov 12 08:25:17 2022 India Standard Time elapsed time: 13.113050 seconds (0d 0h 0m 13s)

---------------  T H R E A D  ---------------

Current thread (0x0000028a740dc220):  JavaThread "C2 CompilerThread0" daemon [_thread_in_native, id=12168, stack(0x000000d614000000,0x000000d614100000)]


Current CompileTask:
C2:  13113 4677       4       com.sun.beans.TypeResolver::resolve (37 bytes)

Stack: [0x000000d614000000,0x000000d614100000]
Native frames: (J=compiled Java code, j=interpreted, Vv=VM code, C=native code)
V  [jvm.dll+0x675efa]
V  [jvm.dll+0x830a24]
V  [jvm.dll+0x8321ce]
V  [jvm.dll+0x832833]
V  [jvm.dll+0x2454b5]
V  [jvm.dll+0xabfc0]
V  [jvm.dll+0xac30c]
V  [jvm.dll+0x11d8e8]
V  [jvm.dll+0x69f2bb]
V  [jvm.dll+0x1bbcb4]
V  [jvm.dll+0x2184b9]
V  [jvm.dll+0x217781]
V  [jvm.dll+0x1a3ccd]
V  [jvm.dll+0x227178]
V  [jvm.dll+0x2252bc]
V  [jvm.dll+0x7e673b]
V  [jvm.dll+0x7e0cfa]
V  [jvm.dll+0x674d85]
C  [ucrtbase.dll+0x1fb80]
C  [KERNEL32.DLL+0x84d4]
C  [ntdll.dll+0x51791]


---------------  P R O C E S S  ---------------

Threads class SMR info:
_java_thread_list=0x0000028a11457580, length=14, elements={
0x0000028a76227910, 0x0000028a7f046880, 0x0000028a7f047090, 0x0000028a7f055ed0,
0x0000028a7f08d330, 0x0000028a7f07d800, 0x0000028a7f0a2030, 0x0000028a740dc220,
0x0000028a740dc730, 0x0000028a7f120740, 0x0000028a7f217480, 0x0000028a7f228370,
0x0000028a7f855870, 0x0000028a7f95be80
}

Java Threads: ( => current thread )
  0x0000028a76227910 JavaThread "main" [_thread_in_Java, id=5392, stack(0x000000d613300000,0x000000d613400000)]
  0x0000028a7f046880 JavaThread "Reference Handler" daemon [_thread_blocked, id=7664, stack(0x000000d613a00000,0x000000d613b00000)]
  0x0000028a7f047090 JavaThread "Finalizer" daemon [_thread_blocked, id=13268, stack(0x000000d613b00000,0x000000d613c00000)]
  0x0000028a7f055ed0 JavaThread "Signal Dispatcher" daemon [_thread_blocked, id=12480, stack(0x000000d613c00000,0x000000d613d00000)]
  0x0000028a7f08d330 JavaThread "Attach Listener" daemon [_thread_blocked, id=9472, stack(0x000000d613d00000,0x000000d613e00000)]
  0x0000028a7f07d800 JavaThread "Service Thread" daemon [_thread_blocked, id=13968, stack(0x000000d613e00000,0x000000d613f00000)]
  0x0000028a7f0a2030 JavaThread "Monitor Deflation Thread" daemon [_thread_blocked, id=7980, stack(0x000000d613f00000,0x000000d614000000)]
=>0x0000028a740dc220 JavaThread "C2 CompilerThread0" daemon [_thread_in_native, id=12168, stack(0x000000d614000000,0x000000d614100000)]
  0x0000028a740dc730 JavaThread "C1 CompilerThread0" daemon [_thread_blocked, id=11552, stack(0x000000d614100000,0x000000d614200000)]
  0x0000028a7f120740 JavaThread "Sweeper thread" daemon [_thread_blocked, id=13660, stack(0x000000d614200000,0x000000d614300000)]
  0x0000028a7f217480 JavaThread "Notification Thread" daemon [_thread_blocked, id=13664, stack(0x000000d614300000,0x000000d614400000)]
  0x0000028a7f228370 JavaThread "Common-Cleaner" daemon [_thread_blocked, id=13568, stack(0x000000d614500000,0x000000d614600000)]
  0x0000028a7f855870 JavaThread "ReaderThread" [_thread_in_native, id=4956, stack(0x000000d614800000,0x000000d614900000)]
  0x0000028a7f95be80 JavaThread "ForkJoinPool.commonPool-worker-1" daemon [_thread_blocked, id=8376, stack(0x000000d614900000,0x000000d614a00000)]

Other Threads:
  0x0000028a7f06aba0 VMThread "VM Thread" [stack: 0x000000d613900000,0x000000d613a00000] [id=13532]
  0x0000028a740d8df0 WatcherThread [stack: 0x000000d614400000,0x000000d614500000] [id=9844]
  0x0000028a7e0b60b0 GCTaskThread "GC Thread#0" [stack: 0x000000d613400000,0x000000d613500000] [id=12856]
  0x0000028a7f492850 GCTaskThread "GC Thread#1" [stack: 0x000000d614600000,0x000000d614700000] [id=8828]
  0x0000028a7e0c6f00 ConcurrentGCThread "G1 Main Marker" [stack: 0x000000d613500000,0x000000d613600000] [id=10244]
  0x0000028a7e0c8cc0 ConcurrentGCThread "G1 Conc#0" [stack: 0x000000d613600000,0x000000d613700000] [id=9900]
  0x0000028a7e1371a0 ConcurrentGCThread "G1 Refine#0" [stack: 0x000000d613700000,0x000000d613800000] [id=1036]
  0x0000028a7e138f70 ConcurrentGCThread "G1 Service" [stack: 0x000000d613800000,0x000000d613900000] [id=9444]

Threads with active compile tasks:
C2 CompilerThread0    13156 4677       4       com.sun.beans.TypeResolver::resolve (37 bytes)

VM state: not at safepoint (normal execution)

VM Mutex/Monitor currently owned by a thread: None

Heap address: 0x0000000080000000, size: 2048 MB, Compressed Oops mode: 32-bit

CDS archive(s) not mapped
Compressed class space mapped at: 0x0000000100000000-0x0000000140000000, reserved size: 1073741824
Narrow klass base: 0x0000000000000000, Narrow klass shift: 3, Narrow klass range: 0x140000000

GC Precious Log:
 CPUs: 2 total, 2 available
 Memory: 8190M
 Large Page Support: Disabled
 NUMA Support: Disabled
 Compressed Oops: Enabled (32-bit)
 Heap Region Size: 1M
 Heap Min Capacity: 8M
 Heap Initial Capacity: 128M
 Heap Max Capacity: 2G
 Pre-touch: Disabled
 Parallel Workers: 2
 Concurrent Workers: 1
 Concurrent Refinement Workers: 2
 Periodic GC: Disabled

Heap:
 garbage-first heap   total 81920K, used 39505K [0x0000000080000000, 0x0000000100000000)
  region size 1024K, 18 young (18432K), 2 survivors (2048K)
 Metaspace       used 46634K, committed 46976K, reserved 1097728K
  class space    used 5305K, committed 5440K, reserved 1048576K

Heap Regions: E=young(eden), S=young(survivor), O=old, HS=humongous(starts), HC=humongous(continues), CS=collection set, F=free, OA=open archive, CA=closed archive, TAMS=top-at-mark-start (previous, next)
|   0|0x0000000080000000, 0x0000000080100000, 0x0000000080100000|100%| O|  |TAMS 0x0000000080100000, 0x0000000080000000| Untracked 
|   1|0x0000000080100000, 0x0000000080200000, 0x0000000080200000|100%| O|  |TAMS 0x0000000080200000, 0x0000000080100000| Untracked 
|   2|0x0000000080200000, 0x0000000080300000, 0x0000000080300000|100%| O|  |TAMS 0x0000000080300000, 0x0000000080200000| Untracked 
|   3|0x0000000080300000, 0x0000000080400000, 0x0000000080400000|100%| O|  |TAMS 0x0000000080400000, 0x0000000080300000| Untracked 
|   4|0x0000000080400000, 0x0000000080500000, 0x0000000080500000|100%| O|  |TAMS 0x0000000080500000, 0x0000000080400000| Untracked 
|   5|0x0000000080500000, 0x00000000805f2800, 0x0000000080600000| 94%| O|  |TAMS 0x00000000805f2800, 0x0000000080500000| Untracked 
|   6|0x0000000080600000, 0x0000000080700000, 0x0000000080700000|100%| O|  |TAMS 0x0000000080700000, 0x0000000080600000| Untracked 
|   7|0x0000000080700000, 0x0000000080800000, 0x0000000080800000|100%| O|  |TAMS 0x0000000080800000, 0x0000000080700000| Untracked 
|   8|0x0000000080800000, 0x0000000080900000, 0x0000000080900000|100%| O|  |TAMS 0x0000000080900000, 0x0000000080800000| Untracked 
|   9|0x0000000080900000, 0x0000000080a00000, 0x0000000080a00000|100%| O|  |TAMS 0x0000000080a00000, 0x0000000080900000| Untracked 
|  10|0x0000000080a00000, 0x0000000080b00000, 0x0000000080b00000|100%| O|  |TAMS 0x0000000080b00000, 0x0000000080a00000| Untracked 
|  11|0x0000000080b00000, 0x0000000080c00000, 0x0000000080c00000|100%| O|  |TAMS 0x0000000080c00000, 0x0000000080b00000| Untracked 
|  12|0x0000000080c00000, 0x0000000080d00000, 0x0000000080d00000|100%| O|  |TAMS 0x0000000080d00000, 0x0000000080c00000| Untracked 
|  13|0x0000000080d00000, 0x0000000080e00000, 0x0000000080e00000|100%|HS|  |TAMS 0x0000000080d00000, 0x0000000080d00000| Complete 
|  14|0x0000000080e00000, 0x0000000080f00000, 0x0000000080f00000|100%| O|  |TAMS 0x0000000080f00000, 0x0000000080e00000| Untracked 
|  15|0x0000000080f00000, 0x0000000081000000, 0x0000000081000000|100%| O|  |TAMS 0x0000000081000000, 0x0000000080f00000| Untracked 
|  16|0x0000000081000000, 0x0000000081100000, 0x0000000081100000|100%| O|  |TAMS 0x0000000081100000, 0x0000000081000000| Untracked 
|  17|0x0000000081100000, 0x0000000081100000, 0x0000000081200000|  0%| F|  |TAMS 0x0000000081100000, 0x0000000081100000| Untracked 
|  18|0x0000000081200000, 0x0000000081300000, 0x0000000081300000|100%| O|  |TAMS 0x0000000081300000, 0x0000000081200000| Untracked 
|  19|0x0000000081300000, 0x0000000081400000, 0x0000000081400000|100%| O|  |TAMS 0x0000000081400000, 0x0000000081300000| Untracked 
|  20|0x0000000081400000, 0x0000000081500000, 0x0000000081500000|100%| O|  |TAMS 0x0000000081500000, 0x0000000081400000| Untracked 
|  21|0x0000000081500000, 0x0000000081600000, 0x0000000081600000|100%| O|  |TAMS 0x0000000081600000, 0x0000000081500000| Untracked 
|  22|0x0000000081600000, 0x0000000081622200, 0x0000000081700000| 13%| O|  |TAMS 0x0000000081622200, 0x0000000081600000| Complete 
|  23|0x0000000081700000, 0x0000000081800000, 0x0000000081800000|100%|HS|  |TAMS 0x0000000081700000, 0x0000000081700000| Complete 
|  24|0x0000000081800000, 0x0000000081900000, 0x0000000081900000|100%|HC|  |TAMS 0x0000000081800000, 0x0000000081800000| Complete 
|  25|0x0000000081900000, 0x0000000081900000, 0x0000000081a00000|  0%| F|  |TAMS 0x0000000081900000, 0x0000000081900000| Untracked 
|  26|0x0000000081a00000, 0x0000000081a00000, 0x0000000081b00000|  0%| F|  |TAMS 0x0000000081a00000, 0x0000000081a00000| Untracked 
|  27|0x0000000081b00000, 0x0000000081b00000, 0x0000000081c00000|  0%| F|  |TAMS 0x0000000081b00000, 0x0000000081b00000| Untracked 
|  28|0x0000000081c00000, 0x0000000081c7fac0, 0x0000000081d00000| 49%| S|CS|TAMS 0x0000000081c00000, 0x0000000081c00000| Complete 
|  29|0x0000000081d00000, 0x0000000081e00000, 0x0000000081e00000|100%| S|CS|TAMS 0x0000000081d00000, 0x0000000081d00000| Complete 
|  30|0x0000000081e00000, 0x0000000081e00000, 0x0000000081f00000|  0%| F|  |TAMS 0x0000000081e00000, 0x0000000081e00000| Untracked 
|  31|0x0000000081f00000, 0x0000000081f00000, 0x0000000082000000|  0%| F|  |TAMS 0x0000000081f00000, 0x0000000081f00000| Untracked 
|  32|0x0000000082000000, 0x0000000082000000, 0x0000000082100000|  0%| F|  |TAMS 0x0000000082000000, 0x0000000082000000| Untracked 
|  33|0x0000000082100000, 0x0000000082100000, 0x0000000082200000|  0%| F|  |TAMS 0x0000000082100000, 0x0000000082100000| Untracked 
|  34|0x0000000082200000, 0x0000000082200000, 0x0000000082300000|  0%| F|  |TAMS 0x0000000082200000, 0x0000000082200000| Untracked 
|  35|0x0000000082300000, 0x0000000082300000, 0x0000000082400000|  0%| F|  |TAMS 0x0000000082300000, 0x0000000082300000| Untracked 
|  36|0x0000000082400000, 0x0000000082400000, 0x0000000082500000|  0%| F|  |TAMS 0x0000000082400000, 0x0000000082400000| Untracked 
|  37|0x0000000082500000, 0x0000000082500000, 0x0000000082600000|  0%| F|  |TAMS 0x0000000082500000, 0x0000000082500000| Untracked 
|  38|0x0000000082600000, 0x0000000082600000, 0x0000000082700000|  0%| F|  |TAMS 0x0000000082600000, 0x0000000082600000| Untracked 
|  39|0x0000000082700000, 0x0000000082700000, 0x0000000082800000|  0%| F|  |TAMS 0x0000000082700000, 0x0000000082700000| Untracked 
|  40|0x0000000082800000, 0x0000000082800000, 0x0000000082900000|  0%| F|  |TAMS 0x0000000082800000, 0x0000000082800000| Untracked 
|  41|0x0000000082900000, 0x0000000082900000, 0x0000000082a00000|  0%| F|  |TAMS 0x0000000082900000, 0x0000000082900000| Untracked 
|  42|0x0000000082a00000, 0x0000000082a00000, 0x0000000082b00000|  0%| F|  |TAMS 0x0000000082a00000, 0x0000000082a00000| Untracked 
|  43|0x0000000082b00000, 0x0000000082b00000, 0x0000000082c00000|  0%| F|  |TAMS 0x0000000082b00000, 0x0000000082b00000| Untracked 
|  44|0x0000000082c00000, 0x0000000082c00000, 0x0000000082d00000|  0%| F|  |TAMS 0x0000000082c00000, 0x0000000082c00000| Untracked 
|  45|0x0000000082d00000, 0x0000000082d00000, 0x0000000082e00000|  0%| F|  |TAMS 0x0000000082d00000, 0x0000000082d00000| Untracked 
|  46|0x0000000082e00000, 0x0000000082e00000, 0x0000000082f00000|  0%| F|  |TAMS 0x0000000082e00000, 0x0000000082e00000| Untracked 
|  47|0x0000000082f00000, 0x0000000082f00000, 0x0000000083000000|  0%| F|  |TAMS 0x0000000082f00000, 0x0000000082f00000| Untracked 
|  48|0x0000000083000000, 0x0000000083000000, 0x0000000083100000|  0%| F|  |TAMS 0x0000000083000000, 0x0000000083000000| Untracked 
|  49|0x0000000083100000, 0x0000000083100000, 0x0000000083200000|  0%| F|  |TAMS 0x0000000083100000, 0x0000000083100000| Untracked 
|  50|0x0000000083200000, 0x0000000083200000, 0x0000000083300000|  0%| F|  |TAMS 0x0000000083200000, 0x0000000083200000| Untracked 
|  51|0x0000000083300000, 0x0000000083300000, 0x0000000083400000|  0%| F|  |TAMS 0x0000000083300000, 0x0000000083300000| Untracked 
|  52|0x0000000083400000, 0x0000000083400000, 0x0000000083500000|  0%| F|  |TAMS 0x0000000083400000, 0x0000000083400000| Untracked 
|  53|0x0000000083500000, 0x0000000083500000, 0x0000000083600000|  0%| F|  |TAMS 0x0000000083500000, 0x0000000083500000| Untracked 
|  54|0x0000000083600000, 0x0000000083600000, 0x0000000083700000|  0%| F|  |TAMS 0x0000000083600000, 0x0000000083600000| Untracked 
|  55|0x0000000083700000, 0x0000000083700000, 0x0000000083800000|  0%| F|  |TAMS 0x0000000083700000, 0x0000000083700000| Untracked 
|  56|0x0000000083800000, 0x0000000083800000, 0x0000000083900000|  0%| F|  |TAMS 0x0000000083800000, 0x0000000083800000| Untracked 
|  57|0x0000000083900000, 0x0000000083900000, 0x0000000083a00000|  0%| F|  |TAMS 0x0000000083900000, 0x0000000083900000| Untracked 
|  58|0x0000000083a00000, 0x0000000083a00000, 0x0000000083b00000|  0%| F|  |TAMS 0x0000000083a00000, 0x0000000083a00000| Untracked 
|  59|0x0000000083b00000, 0x0000000083b00000, 0x0000000083c00000|  0%| F|  |TAMS 0x0000000083b00000, 0x0000000083b00000| Untracked 
|  60|0x0000000083c00000, 0x0000000083c00000, 0x0000000083d00000|  0%| F|  |TAMS 0x0000000083c00000, 0x0000000083c00000| Untracked 
|  61|0x0000000083d00000, 0x0000000083d00000, 0x0000000083e00000|  0%| F|  |TAMS 0x0000000083d00000, 0x0000000083d00000| Untracked 
|  62|0x0000000083e00000, 0x0000000083e00000, 0x0000000083f00000|  0%| F|  |TAMS 0x0000000083e00000, 0x0000000083e00000| Untracked 
|  63|0x0000000083f00000, 0x0000000083f00000, 0x0000000084000000|  0%| F|  |TAMS 0x0000000083f00000, 0x0000000083f00000| Untracked 
|  64|0x0000000084000000, 0x0000000084080800, 0x0000000084100000| 50%| E|  |TAMS 0x0000000084000000, 0x0000000084000000| Complete 
|  65|0x0000000084100000, 0x0000000084200000, 0x0000000084200000|100%| E|CS|TAMS 0x0000000084100000, 0x0000000084100000| Complete 
|  66|0x0000000084200000, 0x0000000084300000, 0x0000000084300000|100%| E|CS|TAMS 0x0000000084200000, 0x0000000084200000| Complete 
|  67|0x0000000084300000, 0x0000000084400000, 0x0000000084400000|100%| E|CS|TAMS 0x0000000084300000, 0x0000000084300000| Complete 
|  68|0x0000000084400000, 0x0000000084500000, 0x0000000084500000|100%| E|CS|TAMS 0x0000000084400000, 0x0000000084400000| Complete 
|  69|0x0000000084500000, 0x0000000084600000, 0x0000000084600000|100%| E|CS|TAMS 0x0000000084500000, 0x0000000084500000| Complete 
|  70|0x0000000084600000, 0x0000000084700000, 0x0000000084700000|100%| E|CS|TAMS 0x0000000084600000, 0x0000000084600000| Complete 
|  71|0x0000000084700000, 0x0000000084800000, 0x0000000084800000|100%| E|CS|TAMS 0x0000000084700000, 0x0000000084700000| Complete 
|  72|0x0000000084800000, 0x0000000084900000, 0x0000000084900000|100%| E|CS|TAMS 0x0000000084800000, 0x0000000084800000| Complete 
|  73|0x0000000084900000, 0x0000000084a00000, 0x0000000084a00000|100%| E|CS|TAMS 0x0000000084900000, 0x0000000084900000| Complete 
|  74|0x0000000084a00000, 0x0000000084b00000, 0x0000000084b00000|100%| E|CS|TAMS 0x0000000084a00000, 0x0000000084a00000| Complete 
|  75|0x0000000084b00000, 0x0000000084c00000, 0x0000000084c00000|100%| E|CS|TAMS 0x0000000084b00000, 0x0000000084b00000| Complete 
|  76|0x0000000084c00000, 0x0000000084d00000, 0x0000000084d00000|100%| E|CS|TAMS 0x0000000084c00000, 0x0000000084c00000| Complete 
|  77|0x0000000084d00000, 0x0000000084e00000, 0x0000000084e00000|100%| E|  |TAMS 0x0000000084d00000, 0x0000000084d00000| Complete 
|  78|0x0000000084e00000, 0x0000000084f00000, 0x0000000084f00000|100%| E|CS|TAMS 0x0000000084e00000, 0x0000000084e00000| Complete 
| 127|0x0000000087f00000, 0x0000000088000000, 0x0000000088000000|100%| E|CS|TAMS 0x0000000087f00000, 0x0000000087f00000| Complete 

Card table byte_map: [0x0000028a79840000,0x0000028a79c40000] _byte_map_base: 0x0000028a79440000

Marking Bits (Prev, Next): (CMBitMap*) 0x0000028a7e0b65d0, (CMBitMap*) 0x0000028a7e0b6610
 Prev Bits: [0x0000028a7a040000, 0x0000028a7c040000)
 Next Bits: [0x0000028a7c040000, 0x0000028a7e040000)

Polling page: 0x0000028a741b0000

Metaspace:

Usage:
  Non-class:     40.36 MB used.
      Class:      5.18 MB used.
       Both:     45.54 MB used.

Virtual space:
  Non-class space:       48.00 MB reserved,      40.56 MB ( 85%) committed,  6 nodes.
      Class space:        1.00 GB reserved,       5.31 MB ( <1%) committed,  1 nodes.
             Both:        1.05 GB reserved,      45.88 MB (  4%) committed. 

Chunk freelists:
   Non-Class:  3.39 MB
       Class:  2.50 MB
        Both:  5.89 MB

MaxMetaspaceSize: unlimited
CompressedClassSpaceSize: 1.00 GB
Initial GC threshold: 21.00 MB
Current GC threshold: 71.50 MB
CDS: off
MetaspaceReclaimPolicy: balanced
 - commit_granule_bytes: 65536.
 - commit_granule_words: 8192.
 - virtual_space_node_default_size: 1048576.
 - enlarge_chunks_in_place: 1.
 - new_chunks_are_fully_committed: 0.
 - uncommit_free_chunks: 1.
 - use_allocation_guard: 0.
 - handle_deallocations: 1.


Internal statistics:

num_allocs_failed_limit: 6.
num_arena_births: 480.
num_arena_deaths: 0.
num_vsnodes_births: 7.
num_vsnodes_deaths: 0.
num_space_committed: 734.
num_space_uncommitted: 0.
num_chunks_returned_to_freelist: 6.
num_chunks_taken_from_freelist: 1758.
num_chunk_merges: 6.
num_chunk_splits: 1170.
num_chunks_enlarged: 867.
num_purges: 0.
num_inconsistent_stats: 0.

CodeHeap 'non-profiled nmethods': size=120064Kb used=2441Kb max_used=2441Kb free=117622Kb
 bounds [0x0000028a07ac0000, 0x0000028a07d30000, 0x0000028a0f000000]
CodeHeap 'profiled nmethods': size=120000Kb used=10278Kb max_used=10278Kb free=109721Kb
 bounds [0x0000028a00590000, 0x0000028a00fa0000, 0x0000028a07ac0000]
CodeHeap 'non-nmethods': size=5696Kb used=2286Kb max_used=2309Kb free=3409Kb
 bounds [0x0000028a00000000, 0x0000028a00270000, 0x0000028a00590000]
 total_blobs=5500 nmethods=4720 adapters=692
 compilation: enabled
              stopped_count=0, restarted_count=0
 full_count=0

Compilation events (20 events):
Event: 12.967 Thread 0x0000028a740dc730 4717       3       org.codehaus.groovy.reflection.CachedClass::getMethods (11 bytes)
Event: 12.967 Thread 0x0000028a740dc730 nmethod 4717 0x0000028a00f92f10 code [0x0000028a00f930c0, 0x0000028a00f93368]
Event: 12.967 Thread 0x0000028a740dc730 4718       3       groovy.lang.MetaClassImpl::makeReplacementMetaProperty (241 bytes)
Event: 12.969 Thread 0x0000028a740dc730 nmethod 4718 0x0000028a00f93490 code [0x0000028a00f938a0, 0x0000028a00f95e88]
Event: 12.969 Thread 0x0000028a740dc730 4719       3       org.codehaus.groovy.util.ComplexKeyHashMap$1::nextEntry (69 bytes)
Event: 12.969 Thread 0x0000028a740dc730 nmethod 4719 0x0000028a00f96790 code [0x0000028a00f96960, 0x0000028a00f96d08]
Event: 12.972 Thread 0x0000028a740dc730 4720       3       groovyjarjarasm.asm.SymbolTable::hash (10 bytes)
Event: 12.972 Thread 0x0000028a740dc730 nmethod 4720 0x0000028a00f96f10 code [0x0000028a00f970a0, 0x0000028a00f971c8]
Event: 12.972 Thread 0x0000028a740dc730 4721       3       groovyjarjarasm.asm.ByteVector::putByte (39 bytes)
Event: 12.972 Thread 0x0000028a740dc730 nmethod 4721 0x0000028a00f97290 code [0x0000028a00f97440, 0x0000028a00f97628]
Event: 12.973 Thread 0x0000028a740dc730 4722       3       groovyjarjarasm.asm.Frame::merge (322 bytes)
Event: 12.973 Thread 0x0000028a740dc730 nmethod 4722 0x0000028a00f97790 code [0x0000028a00f979c0, 0x0000028a00f98348]
Event: 12.984 Thread 0x0000028a740dc730 4723       3       java.util.stream.SpinedBuffer::capacity (38 bytes)
Event: 12.984 Thread 0x0000028a740dc730 nmethod 4723 0x0000028a00f98590 code [0x0000028a00f98740, 0x0000028a00f98938]
Event: 12.985 Thread 0x0000028a740dc730 4724       3       jdk.internal.reflect.AccessorGenerator::add (5 bytes)
Event: 12.985 Thread 0x0000028a740dc730 nmethod 4724 0x0000028a00f98a90 code [0x0000028a00f98c20, 0x0000028a00f98d18]
Event: 12.987 Thread 0x0000028a740dc730 4725       3       java.util.LinkedList::node (65 bytes)
Event: 12.987 Thread 0x0000028a740dc730 nmethod 4725 0x0000028a00f98d90 code [0x0000028a00f98f40, 0x0000028a00f99218]
Event: 12.989 Thread 0x0000028a740dc730 4726       3       org.codehaus.groovy.reflection.CachedClass$1$$Lambda$475/0x00000001003a3af0::test (8 bytes)
Event: 12.989 Thread 0x0000028a740dc730 nmethod 4726 0x0000028a00f99390 code [0x0000028a00f99540, 0x0000028a00f99848]

GC Heap History (20 events):
Event: 9.373 GC heap before
{Heap before GC invocations=10 (full 0):
 garbage-first heap   total 34816K, used 24829K [0x0000000080000000, 0x0000000100000000)
  region size 1024K, 14 young (14336K), 2 survivors (2048K)
 Metaspace       used 33705K, committed 34048K, reserved 1081344K
  class space    used 3794K, committed 3904K, reserved 1048576K
}
Event: 9.378 GC heap after
{Heap after GC invocations=11 (full 0):
 garbage-first heap   total 34816K, used 13907K [0x0000000080000000, 0x0000000100000000)
  region size 1024K, 2 young (2048K), 2 survivors (2048K)
 Metaspace       used 33705K, committed 34048K, reserved 1081344K
  class space    used 3794K, committed 3904K, reserved 1048576K
}
Event: 9.710 GC heap before
{Heap before GC invocations=11 (full 0):
 garbage-first heap   total 34816K, used 24147K [0x0000000080000000, 0x0000000100000000)
  region size 1024K, 12 young (12288K), 2 survivors (2048K)
 Metaspace       used 35557K, committed 35904K, reserved 1081344K
  class space    used 4030K, committed 4224K, reserved 1048576K
}
Event: 9.714 GC heap after
{Heap after GC invocations=12 (full 0):
 garbage-first heap   total 34816K, used 14855K [0x0000000080000000, 0x0000000100000000)
  region size 1024K, 1 young (1024K), 1 survivors (1024K)
 Metaspace       used 35557K, committed 35904K, reserved 1081344K
  class space    used 4030K, committed 4224K, reserved 1048576K
}
Event: 9.751 GC heap before
{Heap before GC invocations=12 (full 0):
 garbage-first heap   total 34816K, used 14855K [0x0000000080000000, 0x0000000100000000)
  region size 1024K, 2 young (2048K), 1 survivors (1024K)
 Metaspace       used 35664K, committed 35968K, reserved 1081344K
  class space    used 4048K, committed 4224K, reserved 1048576K
}
Event: 9.753 GC heap after
{Heap after GC invocations=13 (full 0):
 garbage-first heap   total 41984K, used 14736K [0x0000000080000000, 0x0000000100000000)
  region size 1024K, 1 young (1024K), 1 survivors (1024K)
 Metaspace       used 35664K, committed 35968K, reserved 1081344K
  class space    used 4048K, committed 4224K, reserved 1048576K
}
Event: 10.383 GC heap before
{Heap before GC invocations=14 (full 0):
 garbage-first heap   total 41984K, used 31120K [0x0000000080000000, 0x0000000100000000)
  region size 1024K, 17 young (17408K), 1 survivors (1024K)
 Metaspace       used 37711K, committed 38144K, reserved 1089536K
  class space    used 4345K, committed 4544K, reserved 1048576K
}
Event: 10.390 GC heap after
{Heap after GC invocations=15 (full 0):
 garbage-first heap   total 41984K, used 16644K [0x0000000080000000, 0x0000000100000000)
  region size 1024K, 3 young (3072K), 3 survivors (3072K)
 Metaspace       used 37711K, committed 38144K, reserved 1089536K
  class space    used 4345K, committed 4544K, reserved 1048576K
}
Event: 10.956 GC heap before
{Heap before GC invocations=15 (full 0):
 garbage-first heap   total 41984K, used 30980K [0x0000000080000000, 0x0000000100000000)
  region size 1024K, 17 young (17408K), 3 survivors (3072K)
 Metaspace       used 38634K, committed 39040K, reserved 1089536K
  class space    used 4458K, committed 4672K, reserved 1048576K
}
Event: 10.963 GC heap after
{Heap after GC invocations=16 (full 0):
 garbage-first heap   total 41984K, used 18511K [0x0000000080000000, 0x0000000100000000)
  region size 1024K, 2 young (2048K), 2 survivors (2048K)
 Metaspace       used 38634K, committed 39040K, reserved 1089536K
  class space    used 4458K, committed 4672K, reserved 1048576K
}
Event: 11.403 GC heap before
{Heap before GC invocations=16 (full 0):
 garbage-first heap   total 41984K, used 30799K [0x0000000080000000, 0x0000000100000000)
  region size 1024K, 14 young (14336K), 2 survivors (2048K)
 Metaspace       used 39778K, committed 40192K, reserved 1089536K
  class space    used 4603K, committed 4800K, reserved 1048576K
}
Event: 11.409 GC heap after
{Heap after GC invocations=17 (full 0):
 garbage-first heap   total 41984K, used 19785K [0x0000000080000000, 0x0000000100000000)
  region size 1024K, 2 young (2048K), 2 survivors (2048K)
 Metaspace       used 39778K, committed 40192K, reserved 1089536K
  class space    used 4603K, committed 4800K, reserved 1048576K
}
Event: 11.827 GC heap before
{Heap before GC invocations=17 (full 0):
 garbage-first heap   total 41984K, used 31049K [0x0000000080000000, 0x0000000100000000)
  region size 1024K, 13 young (13312K), 2 survivors (2048K)
 Metaspace       used 41597K, committed 41984K, reserved 1089536K
  class space    used 4815K, committed 4992K, reserved 1048576K
}
Event: 11.831 GC heap after
{Heap after GC invocations=18 (full 0):
 garbage-first heap   total 41984K, used 20592K [0x0000000080000000, 0x0000000100000000)
  region size 1024K, 1 young (1024K), 1 survivors (1024K)
 Metaspace       used 41597K, committed 41984K, reserved 1089536K
  class space    used 4815K, committed 4992K, reserved 1048576K
}
Event: 12.306 GC heap before
{Heap before GC invocations=19 (full 0):
 garbage-first heap   total 41984K, used 30832K [0x0000000080000000, 0x0000000100000000)
  region size 1024K, 12 young (12288K), 1 survivors (1024K)
 Metaspace       used 43498K, committed 43904K, reserved 1089536K
  class space    used 4998K, committed 5184K, reserved 1048576K
}
Event: 12.311 GC heap after
{Heap after GC invocations=20 (full 0):
 garbage-first heap   total 41984K, used 22110K [0x0000000080000000, 0x0000000100000000)
  region size 1024K, 2 young (2048K), 2 survivors (2048K)
 Metaspace       used 43498K, committed 43904K, reserved 1089536K
  class space    used 4998K, committed 5184K, reserved 1048576K
}
Event: 12.314 GC heap before
{Heap before GC invocations=20 (full 0):
 garbage-first heap   total 41984K, used 23134K [0x0000000080000000, 0x0000000100000000)
  region size 1024K, 3 young (3072K), 2 survivors (2048K)
 Metaspace       used 43499K, committed 43904K, reserved 1089536K
  class space    used 4998K, committed 5184K, reserved 1048576K
}
Event: 12.324 GC heap after
{Heap after GC invocations=21 (full 0):
 garbage-first heap   total 41984K, used 20829K [0x0000000080000000, 0x0000000100000000)
  region size 1024K, 1 young (1024K), 1 survivors (1024K)
 Metaspace       used 43499K, committed 43904K, reserved 1089536K
  class space    used 4998K, committed 5184K, reserved 1048576K
}
Event: 12.352 GC heap before
{Heap before GC invocations=21 (full 0):
 garbage-first heap   total 41984K, used 31069K [0x0000000080000000, 0x0000000100000000)
  region size 1024K, 11 young (11264K), 1 survivors (1024K)
 Metaspace       used 43508K, committed 43904K, reserved 1089536K
  class space    used 4998K, committed 5184K, reserved 1048576K
}
Event: 12.357 GC heap after
{Heap after GC invocations=22 (full 0):
 garbage-first heap   total 105472K, used 22097K [0x0000000080000000, 0x0000000100000000)
  region size 1024K, 2 young (2048K), 2 survivors (2048K)
 Metaspace       used 43508K, committed 43904K, reserved 1089536K
  class space    used 4998K, committed 5184K, reserved 1048576K
}

Deoptimization events (20 events):
Event: 12.776 Thread 0x0000028a76227910 Uncommon trap: trap_request=0xffffffde fr.pc=0x0000028a07b14a60 relative=0x0000000000000fc0
Event: 12.776 Thread 0x0000028a76227910 Uncommon trap: reason=class_check action=maybe_recompile pc=0x0000028a07b14a60 method=java.util.concurrent.ConcurrentHashMap.putVal(Ljava/lang/Object;Ljava/lang/Object;Z)Ljava/lang/Object; @ 242 c2
Event: 12.776 Thread 0x0000028a76227910 DEOPT PACKING pc=0x0000028a07b14a60 sp=0x000000d6133fe270
Event: 12.776 Thread 0x0000028a76227910 DEOPT UNPACKING pc=0x0000028a00055c23 sp=0x000000d6133fe1e0 mode 2
Event: 12.780 Thread 0x0000028a76227910 Uncommon trap: trap_request=0xffffffc6 fr.pc=0x0000028a07d1d954 relative=0x0000000000000fd4
Event: 12.780 Thread 0x0000028a76227910 Uncommon trap: reason=bimorphic_or_optimized_type_check action=maybe_recompile pc=0x0000028a07d1d954 method=java.util.HashMap.putVal(ILjava/lang/Object;Ljava/lang/Object;ZZ)Ljava/lang/Object; @ 253 c2
Event: 12.780 Thread 0x0000028a76227910 DEOPT PACKING pc=0x0000028a07d1d954 sp=0x000000d6133fdb90
Event: 12.780 Thread 0x0000028a76227910 DEOPT UNPACKING pc=0x0000028a00055c23 sp=0x000000d6133fdb20 mode 2
Event: 12.780 Thread 0x0000028a76227910 Uncommon trap: trap_request=0xffffffc6 fr.pc=0x0000028a07d1d954 relative=0x0000000000000fd4
Event: 12.780 Thread 0x0000028a76227910 Uncommon trap: reason=bimorphic_or_optimized_type_check action=maybe_recompile pc=0x0000028a07d1d954 method=java.util.HashMap.putVal(ILjava/lang/Object;Ljava/lang/Object;ZZ)Ljava/lang/Object; @ 253 c2
Event: 12.780 Thread 0x0000028a76227910 DEOPT PACKING pc=0x0000028a07d1d954 sp=0x000000d6133fdb90
Event: 12.780 Thread 0x0000028a76227910 DEOPT UNPACKING pc=0x0000028a00055c23 sp=0x000000d6133fdb20 mode 2
Event: 12.783 Thread 0x0000028a7f855870 DEOPT PACKING pc=0x0000028a00645834 sp=0x000000d6148fef80
Event: 12.783 Thread 0x0000028a7f855870 DEOPT UNPACKING pc=0x0000028a00056763 sp=0x000000d6148fe480 mode 0
Event: 12.792 Thread 0x0000028a76227910 Uncommon trap: trap_request=0xffffff45 fr.pc=0x0000028a07d13510 relative=0x0000000000000830
Event: 12.792 Thread 0x0000028a76227910 Uncommon trap: reason=unstable_if action=reinterpret pc=0x0000028a07d13510 method=java.lang.PublicMethods$MethodList.merge(Ljava/lang/PublicMethods$MethodList;Ljava/lang/reflect/Method;)Ljava/lang/PublicMethods$MethodList; @ 62 c2
Event: 12.792 Thread 0x0000028a76227910 DEOPT PACKING pc=0x0000028a07d13510 sp=0x000000d6133fd350
Event: 12.792 Thread 0x0000028a76227910 DEOPT UNPACKING pc=0x0000028a00055c23 sp=0x000000d6133fd2a8 mode 2
Event: 12.989 Thread 0x0000028a76227910 DEOPT PACKING pc=0x0000028a00ce557d sp=0x000000d6133fd2f0
Event: 12.989 Thread 0x0000028a76227910 DEOPT UNPACKING pc=0x0000028a00056763 sp=0x000000d6133fc750 mode 0

Classes unloaded (0 events):
No events

Classes redefined (0 events):
No events

Internal exceptions (20 events):
Event: 12.824 Thread 0x0000028a76227910 Exception <a 'java/lang/ClassNotFoundException'{0x00000000845f5c50}: io/restassured/http/HeadersBeanInfo> (0x00000000845f5c50) 
thrown [e:\jenkins\tmp\workspace\build\src\src\hotspot\share\classfile\systemDictionary.cpp, line 256]
Event: 12.824 Thread 0x0000028a76227910 Exception <a 'java/lang/ClassNotFoundException'{0x00000000845f9740}: io/restassured/http/HeadersCustomizer> (0x00000000845f9740) 
thrown [e:\jenkins\tmp\workspace\build\src\src\hotspot\share\classfile\systemDictionary.cpp, line 256]
Event: 12.844 Thread 0x0000028a76227910 Exception <a 'java/lang/ClassNotFoundException'{0x00000000844d64d0}: io/restassured/http/CookiesBeanInfo> (0x00000000844d64d0) 
thrown [e:\jenkins\tmp\workspace\build\src\src\hotspot\share\classfile\systemDictionary.cpp, line 256]
Event: 12.844 Thread 0x0000028a76227910 Exception <a 'java/lang/ClassNotFoundException'{0x00000000844d9fc0}: io/restassured/http/CookiesCustomizer> (0x00000000844d9fc0) 
thrown [e:\jenkins\tmp\workspace\build\src\src\hotspot\share\classfile\systemDictionary.cpp, line 256]
Event: 12.847 Thread 0x0000028a76227910 Exception <a 'java/lang/ClassNotFoundException'{0x0000000084309800}: io/restassured/internal/RequestSpecificationImpl$1BeanInfo> (0x0000000084309800) 
thrown [e:\jenkins\tmp\workspace\build\src\src\hotspot\share\classfile\systemDictionary.cpp, line 256]
Event: 12.848 Thread 0x0000028a76227910 Exception <a 'java/lang/ClassNotFoundException'{0x000000008430d7e8}: io/restassured/internal/RequestSpecificationImpl$1Customizer> (0x000000008430d7e8) 
thrown [e:\jenkins\tmp\workspace\build\src\src\hotspot\share\classfile\systemDictionary.cpp, line 256]
Event: 12.850 Thread 0x0000028a76227910 Exception <a 'java/lang/ClassNotFoundException'{0x000000008432a070}: io/restassured/internal/support/ParameterUpdaterBeanInfo> (0x000000008432a070) 
thrown [e:\jenkins\tmp\workspace\build\src\src\hotspot\share\classfile\systemDictionary.cpp, line 256]
Event: 12.850 Thread 0x0000028a76227910 Exception <a 'java/lang/ClassNotFoundException'{0x000000008432e068}: io/restassured/internal/support/ParameterUpdaterCustomizer> (0x000000008432e068) 
thrown [e:\jenkins\tmp\workspace\build\src\src\hotspot\share\classfile\systemDictionary.cpp, line 256]
Event: 12.961 Thread 0x0000028a76227910 Exception <a 'java/lang/ClassNotFoundException'{0x00000000843d8840}: io/restassured/internal/RequestSpecificationImplBeanInfo> (0x00000000843d8840) 
thrown [e:\jenkins\tmp\workspace\build\src\src\hotspot\share\classfile\systemDictionary.cpp, line 256]
Event: 12.961 Thread 0x0000028a76227910 Exception <a 'java/lang/ClassNotFoundException'{0x00000000843dc7e0}: io/restassured/internal/RequestSpecificationImplCustomizer> (0x00000000843dc7e0) 
thrown [e:\jenkins\tmp\workspace\build\src\src\hotspot\share\classfile\systemDictionary.cpp, line 256]
Event: 12.979 Thread 0x0000028a76227910 Exception <a 'java/lang/ClassNotFoundException'{0x00000000842ef060}: io/restassured/RestAssuredBeanInfo> (0x00000000842ef060) 
thrown [e:\jenkins\tmp\workspace\build\src\src\hotspot\share\classfile\systemDictionary.cpp, line 256]
Event: 12.979 Thread 0x0000028a76227910 Exception <a 'java/lang/ClassNotFoundException'{0x00000000842f32f0}: io/restassured/RestAssuredCustomizer> (0x00000000842f32f0) 
thrown [e:\jenkins\tmp\workspace\build\src\src\hotspot\share\classfile\systemDictionary.cpp, line 256]
Event: 12.984 Thread 0x0000028a76227910 Exception <a 'java/lang/ClassNotFoundException'{0x000000008415e7f0}: io/restassured/assertion/BodyMatcherGroupBeanInfo> (0x000000008415e7f0) 
thrown [e:\jenkins\tmp\workspace\build\src\src\hotspot\share\classfile\systemDictionary.cpp, line 256]
Event: 12.985 Thread 0x0000028a76227910 Exception <a 'java/lang/ClassNotFoundException'{0x0000000084162628}: io/restassured/assertion/BodyMatcherGroupCustomizer> (0x0000000084162628) 
thrown [e:\jenkins\tmp\workspace\build\src\src\hotspot\share\classfile\systemDictionary.cpp, line 256]
Event: 12.988 Thread 0x0000028a76227910 Exception <a 'java/lang/ClassNotFoundException'{0x000000008418f1e0}: io/restassured/internal/ResponseSpecificationImpl$HamcrestAssertionClosureBeanInfo> (0x000000008418f1e0) 
thrown [e:\jenkins\tmp\workspace\build\src\src\hotspot\share\classfile\systemDictionary.cpp, line 256]
Event: 12.988 Thread 0x0000028a76227910 Exception <a 'java/lang/ClassNotFoundException'{0x0000000084193720}: io/restassured/internal/ResponseSpecificationImpl$HamcrestAssertionClosureCustomizer> (0x0000000084193720) 
thrown [e:\jenkins\tmp\workspace\build\src\src\hotspot\share\classfile\systemDictionary.cpp, line 256]
Event: 12.992 Thread 0x0000028a76227910 Exception <a 'java/lang/ClassNotFoundException'{0x00000000841dc950}: io/restassured/internal/ResponseSpecificationImplBeanInfo> (0x00000000841dc950) 
thrown [e:\jenkins\tmp\workspace\build\src\src\hotspot\share\classfile\systemDictionary.cpp, line 256]
Event: 12.992 Thread 0x0000028a76227910 Exception <a 'java/lang/ClassNotFoundException'{0x00000000841e0938}: io/restassured/internal/ResponseSpecificationImplCustomizer> (0x00000000841e0938) 
thrown [e:\jenkins\tmp\workspace\build\src\src\hotspot\share\classfile\systemDictionary.cpp, line 256]
Event: 12.995 Thread 0x0000028a76227910 Exception <a 'java/lang/ClassNotFoundException'{0x000000008402b508}: org/apache/commons/lang3/ValidateBeanInfo> (0x000000008402b508) 
thrown [e:\jenkins\tmp\workspace\build\src\src\hotspot\share\classfile\systemDictionary.cpp, line 256]
Event: 12.995 Thread 0x0000028a76227910 Exception <a 'java/lang/ClassNotFoundException'{0x000000008402f198}: org/apache/commons/lang3/ValidateCustomizer> (0x000000008402f198) 
thrown [e:\jenkins\tmp\workspace\build\src\src\hotspot\share\classfile\systemDictionary.cpp, line 256]

VM Operations (20 events):
Event: 12.229 Executing VM operation: HandshakeAllThreads
Event: 12.229 Executing VM operation: HandshakeAllThreads done
Event: 12.229 Executing VM operation: HandshakeAllThreads
Event: 12.229 Executing VM operation: HandshakeAllThreads done
Event: 12.306 Executing VM operation: G1CollectForAllocation
Event: 12.311 Executing VM operation: G1CollectForAllocation done
Event: 12.314 Executing VM operation: G1CollectForAllocation
Event: 12.324 Executing VM operation: G1CollectForAllocation done
Event: 12.352 Executing VM operation: G1CollectForAllocation
Event: 12.369 Executing VM operation: G1CollectForAllocation done
Event: 12.387 Executing VM operation: G1Concurrent
Event: 12.392 Executing VM operation: G1Concurrent done
Event: 12.405 Executing VM operation: G1Concurrent
Event: 12.406 Executing VM operation: G1Concurrent done
Event: 12.410 Executing VM operation: HandshakeAllThreads
Event: 12.410 Executing VM operation: HandshakeAllThreads done
Event: 12.628 Executing VM operation: HandshakeAllThreads
Event: 12.628 Executing VM operation: HandshakeAllThreads done
Event: 12.683 Executing VM operation: HandshakeAllThreads
Event: 12.683 Executing VM operation: HandshakeAllThreads done

Events (20 events):
Event: 12.816 loading class java/util/HashMapBeanInfo
Event: 12.816 loading class java/util/HashMapBeanInfo done
Event: 12.816 loading class java/util/AbstractMapBeanInfo
Event: 12.816 loading class java/util/AbstractMapBeanInfo done
Event: 12.816 loading class java/util/AbstractMapBeanInfo
Event: 12.816 loading class java/util/AbstractMapBeanInfo done
Event: 12.816 loading class java/util/AbstractMapCustomizer
Event: 12.816 loading class java/util/AbstractMapCustomizer done
Event: 12.816 loading class java/util/AbstractMapCustomizer
Event: 12.816 loading class java/util/AbstractMapCustomizer done
Event: 12.817 loading class java/util/HashMapCustomizer
Event: 12.817 loading class java/util/HashMapCustomizer done
Event: 12.817 loading class java/util/HashMapCustomizer
Event: 12.817 loading class java/util/HashMapCustomizer done
Event: 12.821 loading class java/util/LinkedHashMapCustomizer
Event: 12.821 loading class java/util/LinkedHashMapCustomizer done
Event: 12.821 loading class java/util/LinkedHashMapCustomizer
Event: 12.821 loading class java/util/LinkedHashMapCustomizer done
Event: 12.841 loading class java/lang/invoke/SerializedLambda
Event: 12.841 loading class java/lang/invoke/SerializedLambda done


Dynamic libraries:
0x00007ff719180000 - 0x00007ff71918e000 	C:\Users\ukumar\.p2\pool\plugins\org.eclipse.justj.openjdk.hotspot.jre.full.win32.x86_64_17.0.3.v20220515-1416\jre\bin\javaw.exe
0x00007ffae7dd0000 - 0x00007ffae7f9f000 	C:\Windows\SYSTEM32\ntdll.dll
0x00007ffae5810000 - 0x00007ffae58bd000 	C:\Windows\System32\KERNEL32.DLL
0x00007ffae42a0000 - 0x00007ffae44be000 	C:\Windows\System32\KERNELBASE.dll
0x00007ffae4630000 - 0x00007ffae4724000 	C:\Windows\System32\ucrtbase.dll
0x00007ffad2dc0000 - 0x00007ffad2dd8000 	C:\Users\ukumar\.p2\pool\plugins\org.eclipse.justj.openjdk.hotspot.jre.full.win32.x86_64_17.0.3.v20220515-1416\jre\bin\jli.dll
0x00007ffae5370000 - 0x00007ffae54d6000 	C:\Windows\System32\USER32.dll
0x00007ffae49e0000 - 0x00007ffae49fe000 	C:\Windows\System32\win32u.dll
0x00007ffae7680000 - 0x00007ffae76b4000 	C:\Windows\System32\GDI32.dll
0x00007ffae5140000 - 0x00007ffae52c4000 	C:\Windows\System32\gdi32full.dll
0x00007ffad2da0000 - 0x00007ffad2db9000 	C:\Users\ukumar\.p2\pool\plugins\org.eclipse.justj.openjdk.hotspot.jre.full.win32.x86_64_17.0.3.v20220515-1416\jre\bin\VCRUNTIME140.dll
0x00007ffadb8e0000 - 0x00007ffadbb5a000 	C:\Windows\WinSxS\amd64_microsoft.windows.common-controls_6595b64144ccf1df_6.0.14393.4169_none_7de0bbf28341b1f2\COMCTL32.dll
0x00007ffae7810000 - 0x00007ffae78ae000 	C:\Windows\System32\msvcrt.dll
0x00007ffae5540000 - 0x00007ffae5806000 	C:\Windows\System32\combase.dll
0x00007ffae73e0000 - 0x00007ffae74fd000 	C:\Windows\System32\RPCRT4.dll
0x00007ffae45c0000 - 0x00007ffae462c000 	C:\Windows\System32\bcryptPrimitives.dll
0x00007ffae7020000 - 0x00007ffae704e000 	C:\Windows\System32\IMM32.DLL
0x00007ffab6a50000 - 0x00007ffab70c1000 	C:\Program Files\McAfee\DLP\Agent\fcagpph64.dll
0x00007ffae76c0000 - 0x00007ffae7766000 	C:\Windows\System32\ADVAPI32.dll
0x00007ffae7d50000 - 0x00007ffae7dab000 	C:\Windows\System32\sechost.dll
0x00007ffae5b10000 - 0x00007ffae7016000 	C:\Windows\System32\SHELL32.dll
0x00007ffae4570000 - 0x00007ffae45b2000 	C:\Windows\System32\cfgmgr32.dll
0x00007ffae4a60000 - 0x00007ffae5133000 	C:\Windows\System32\windows.storage.dll
0x00007ffae4240000 - 0x00007ffae428c000 	C:\Windows\System32\powrprof.dll
0x00007ffae7500000 - 0x00007ffae7552000 	C:\Windows\System32\shlwapi.dll
0x00007ffae4290000 - 0x00007ffae429f000 	C:\Windows\System32\kernel.appcore.dll
0x00007ffae44c0000 - 0x00007ffae4568000 	C:\Windows\System32\shcore.dll
0x00007ffae4220000 - 0x00007ffae4234000 	C:\Windows\System32\profapi.dll
0x00007ffae59c0000 - 0x00007ffae5af9000 	C:\Windows\System32\ole32.dll
0x00007ffae7370000 - 0x00007ffae73da000 	C:\Windows\System32\WS2_32.dll
0x00007ffae75c0000 - 0x00007ffae7680000 	C:\Windows\System32\OLEAUT32.dll
0x00007ffae52d0000 - 0x00007ffae536c000 	C:\Windows\System32\msvcp_win.dll
0x00007ffadf410000 - 0x00007ffadf497000 	C:\Windows\SYSTEM32\WINSPOOL.DRV
0x00007ffae30c0000 - 0x00007ffae30ca000 	C:\Windows\SYSTEM32\VERSION.dll
0x00007ffae4150000 - 0x00007ffae417b000 	C:\Windows\SYSTEM32\bcrypt.dll
0x00007ffae3e40000 - 0x00007ffae3e6c000 	C:\Windows\SYSTEM32\SspiCli.dll
0x00007ffae2a20000 - 0x00007ffae2a52000 	C:\Windows\SYSTEM32\ntmarta.dll
0x0000028a741e0000 - 0x0000028a741f4000 	C:\Windows\System32\umppc16012.dll
0x00007ffae4110000 - 0x00007ffae4146000 	C:\Windows\system32\vmwsci.dll
0x00007ffae7360000 - 0x00007ffae7368000 	C:\Windows\System32\PSAPI.DLL
0x00007ffae1730000 - 0x00007ffae173c000 	C:\Users\ukumar\.p2\pool\plugins\org.eclipse.justj.openjdk.hotspot.jre.full.win32.x86_64_17.0.3.v20220515-1416\jre\bin\vcruntime140_1.dll
0x00007ffad19a0000 - 0x00007ffad1a31000 	C:\Users\ukumar\.p2\pool\plugins\org.eclipse.justj.openjdk.hotspot.jre.full.win32.x86_64_17.0.3.v20220515-1416\jre\bin\msvcp140.dll
0x00007ffa73a10000 - 0x00007ffa74658000 	C:\Users\ukumar\.p2\pool\plugins\org.eclipse.justj.openjdk.hotspot.jre.full.win32.x86_64_17.0.3.v20220515-1416\jre\bin\server\jvm.dll
0x00007ffada3b0000 - 0x00007ffada3b9000 	C:\Windows\SYSTEM32\WSOCK32.dll
0x00007ffae22a0000 - 0x00007ffae22c3000 	C:\Windows\SYSTEM32\WINMM.dll
0x00007ffae2240000 - 0x00007ffae226b000 	C:\Windows\SYSTEM32\WINMMBASE.dll
0x00007ffaccee0000 - 0x00007ffacceea000 	C:\Users\ukumar\.p2\pool\plugins\org.eclipse.justj.openjdk.hotspot.jre.full.win32.x86_64_17.0.3.v20220515-1416\jre\bin\jimage.dll
0x00007ffad8be0000 - 0x00007ffad8d72000 	C:\Windows\SYSTEM32\DBGHELP.DLL
0x00007ffad8bb0000 - 0x00007ffad8bd9000 	C:\Windows\SYSTEM32\dbgcore.DLL
0x00007ffaa71c0000 - 0x00007ffaa71e5000 	C:\Users\ukumar\.p2\pool\plugins\org.eclipse.justj.openjdk.hotspot.jre.full.win32.x86_64_17.0.3.v20220515-1416\jre\bin\java.dll
0x00007ffaa6bd0000 - 0x00007ffaa6be8000 	C:\Users\ukumar\.p2\pool\plugins\org.eclipse.justj.openjdk.hotspot.jre.full.win32.x86_64_17.0.3.v20220515-1416\jre\bin\zip.dll
0x00007ffaa30d0000 - 0x00007ffaa30e9000 	C:\Users\ukumar\.p2\pool\plugins\org.eclipse.justj.openjdk.hotspot.jre.full.win32.x86_64_17.0.3.v20220515-1416\jre\bin\net.dll
0x00007ffadfaf0000 - 0x00007ffadfbbd000 	C:\Windows\SYSTEM32\WINHTTP.dll
0x00007ffae3a90000 - 0x00007ffae3aed000 	C:\Windows\system32\mswsock.dll
0x00007ffaa1b10000 - 0x00007ffaa1b25000 	C:\Users\ukumar\.p2\pool\plugins\org.eclipse.justj.openjdk.hotspot.jre.full.win32.x86_64_17.0.3.v20220515-1416\jre\bin\nio.dll
0x00007ffaa71b0000 - 0x00007ffaa71c0000 	C:\Users\ukumar\.p2\pool\plugins\org.eclipse.justj.openjdk.hotspot.jre.full.win32.x86_64_17.0.3.v20220515-1416\jre\bin\verify.dll
0x00007ffae3800000 - 0x00007ffae38a2000 	C:\Windows\SYSTEM32\DNSAPI.dll
0x00007ffae7350000 - 0x00007ffae7358000 	C:\Windows\System32\NSI.dll
0x00007ffae37c0000 - 0x00007ffae37f8000 	C:\Windows\SYSTEM32\IPHLPAPI.DLL
0x00007ffade1f0000 - 0x00007ffade1fa000 	C:\Windows\System32\rasadhlp.dll
0x0000028a12b40000 - 0x0000028a12baa000 	C:\Windows\System32\fwpuclnt.dll
0x00007ffae3c40000 - 0x00007ffae3c57000 	C:\Windows\SYSTEM32\CRYPTSP.dll
0x00007ffae3320000 - 0x00007ffae3353000 	C:\Windows\system32\rsaenh.dll
0x00007ffae38c0000 - 0x00007ffae38e0000 	C:\Windows\SYSTEM32\USERENV.dll
0x00007ffae3c60000 - 0x00007ffae3c6b000 	C:\Windows\SYSTEM32\CRYPTBASE.dll
0x00007ffadefd0000 - 0x00007ffadefe6000 	C:\Windows\SYSTEM32\dhcpcsvc6.DLL
0x00007ffadefb0000 - 0x00007ffadefca000 	C:\Windows\SYSTEM32\dhcpcsvc.DLL
0x00007ffae1750000 - 0x00007ffae1759000 	C:\Users\ukumar\.p2\pool\plugins\org.eclipse.justj.openjdk.hotspot.jre.full.win32.x86_64_17.0.3.v20220515-1416\jre\bin\management.dll
0x00007ffae1740000 - 0x00007ffae174b000 	C:\Users\ukumar\.p2\pool\plugins\org.eclipse.justj.openjdk.hotspot.jre.full.win32.x86_64_17.0.3.v20220515-1416\jre\bin\management_ext.dll
0x00007ffadb390000 - 0x00007ffadb3a6000 	C:\Windows\system32\napinsp.dll
0x00007ffadb3b0000 - 0x00007ffadb3ca000 	C:\Windows\system32\pnrpnsp.dll
0x00007ffae1700000 - 0x00007ffae1718000 	C:\Windows\system32\NLAapi.dll
0x00007ffadb490000 - 0x00007ffadb49e000 	C:\Windows\System32\winrnr.dll

dbghelp: loaded successfully - version: 4.0.5 - missing functions: none
symbol engine: initialized successfully - sym options: 0x614 - pdb path: .;C:\Users\ukumar\.p2\pool\plugins\org.eclipse.justj.openjdk.hotspot.jre.full.win32.x86_64_17.0.3.v20220515-1416\jre\bin;C:\Windows\SYSTEM32;C:\Windows\WinSxS\amd64_microsoft.windows.common-controls_6595b64144ccf1df_6.0.14393.4169_none_7de0bbf28341b1f2;C:\Program Files\McAfee\DLP\Agent;C:\Users\ukumar\.p2\pool\plugins\org.eclipse.justj.openjdk.hotspot.jre.full.win32.x86_64_17.0.3.v20220515-1416\jre\bin\server

VM Arguments:
jvm_args: -ea -Dfile.encoding=UTF-8 -XX:+ShowCodeDetailsInExceptionMessages 
java_command: org.testng.remote.RemoteTestNG -serport 52336 -protocol json -d C:\Users\ukumar\Downloads\SoapWebServiceTest\test-output C:\Users\ukumar\AppData\Local\Temp\testng-eclipse-1641235128\testng-customsuite.xml
java_class_path (initial): C:\Users\ukumar\eclipse\java-2022-06\eclipse\configuration\org.eclipse.osgi\432\0\.cp\lib\testng-remote.jar;C:\Users\ukumar\Downloads\SoapWebServiceTest\target\test-classes;C:\Users\ukumar\Downloads\SoapWebServiceTest\target\classes;C:\Users\ukumar\.m2\repository\org\springframework\boot\spring-boot-starter-web\2.7.2\spring-boot-starter-web-2.7.2.jar;C:\Users\ukumar\.m2\repository\org\springframework\boot\spring-boot-starter\2.7.2\spring-boot-starter-2.7.2.jar;C:\Users\ukumar\.m2\repository\org\springframework\boot\spring-boot\2.7.2\spring-boot-2.7.2.jar;C:\Users\ukumar\.m2\repository\org\springframework\boot\spring-boot-autoconfigure\2.7.2\spring-boot-autoconfigure-2.7.2.jar;C:\Users\ukumar\.m2\repository\org\springframework\boot\spring-boot-starter-logging\2.7.2\spring-boot-starter-logging-2.7.2.jar;C:\Users\ukumar\.m2\repository\ch\qos\logback\logback-classic\1.2.11\logback-classic-1.2.11.jar;C:\Users\ukumar\.m2\repository\ch\qos\logback\logback-core\1.2.11\logback-core-1.2.11.jar;C:\Users\ukumar\.m2\repository\org\apache\logging\log4j\log4j-to-slf4j\2.17.2\log4j-to-slf4j-2.17.2.jar;C:\Users\ukumar\.m2\repository\org\apache\logging\log4j\log4j-api\2.17.2\log4j-api-2.17.2.jar;C:\Users\ukumar\.m2\repository\org\slf4j\jul-to-slf4j\1.7.36\jul-to-slf4j-1.7.36.jar;C:\Users\ukumar\.m2\repository\jakarta\annotation\jakarta.annotation-api\1.3.5\jakarta.annotation-api-1.3.5.jar;C:\Users\ukumar\.m2\repository\org\yaml\snakeyaml\1.30\snakeyaml-1.30.jar;C:\Users\ukumar\.m2\repository\org\springframework\boot\spring-boot-starter-json\2.7.2\spring-boot-starter-json-2.7.2.jar;C:\Users\ukumar\.m2\repository\com\fasterxml\jackson\core\jackson-databind\2.13.3\jackson-databind-2.13.3.jar;C:\Users\ukumar\.m2\repository\com\fasterxml\jackson\core\jackson-annotations\2.13.3\jackson-annotations-2.13.3.jar;C:\Users\ukumar\.m2\repository\com\fasterxml\jackson\core\jackson-core\2.13.3\jackson-core-2.13.3.jar;C:\Users\ukumar\.m2\repository\com\fasterxml\jackson\
Launcher Type: SUN_STANDARD

[Global flags]
     intx CICompilerCount                          = 2                                         {product} {ergonomic}
     uint ConcGCThreads                            = 1                                         {product} {ergonomic}
     uint G1ConcRefinementThreads                  = 2                                         {product} {ergonomic}
   size_t G1HeapRegionSize                         = 1048576                                   {product} {ergonomic}
    uintx GCDrainStackTargetSize                   = 64                                        {product} {ergonomic}
   size_t InitialHeapSize                          = 134217728                                 {product} {ergonomic}
   size_t MarkStackSize                            = 4194304                                   {product} {ergonomic}
   size_t MaxHeapSize                              = 2147483648                                {product} {ergonomic}
   size_t MaxNewSize                               = 1287651328                                {product} {ergonomic}
   size_t MinHeapDeltaBytes                        = 1048576                                   {product} {ergonomic}
   size_t MinHeapSize                              = 8388608                                   {product} {ergonomic}
    uintx NonNMethodCodeHeapSize                   = 5826188                                {pd product} {ergonomic}
    uintx NonProfiledCodeHeapSize                  = 122916026                              {pd product} {ergonomic}
    uintx ProfiledCodeHeapSize                     = 122916026                              {pd product} {ergonomic}
    uintx ReservedCodeCacheSize                    = 251658240                              {pd product} {ergonomic}
     bool SegmentedCodeCache                       = true                                      {product} {ergonomic}
     bool ShowCodeDetailsInExceptionMessages       = true                                   {manageable} {command line}
   size_t SoftMaxHeapSize                          = 2147483648                             {manageable} {ergonomic}
     bool UseCompressedClassPointers               = true                           {product lp64_product} {ergonomic}
     bool UseCompressedOops                        = true                           {product lp64_product} {ergonomic}
     bool UseG1GC                                  = true                                      {product} {ergonomic}
     bool UseLargePagesIndividualAllocation        = false                                  {pd product} {ergonomic}

Logging:
Log output configuration:
 #0: stdout all=warning uptime,level,tags
 #1: stderr all=off uptime,level,tags

Environment Variables:
PATH=C:/Users/ukumar/.p2/pool/plugins/org.eclipse.justj.openjdk.hotspot.jre.full.win32.x86_64_17.0.3.v20220515-1416/jre/bin/server;C:/Users/ukumar/.p2/pool/plugins/org.eclipse.justj.openjdk.hotspot.jre.full.win32.x86_64_17.0.3.v20220515-1416/jre/bin;C:\Program Files (x86)\Common Files\Oracle\Java\javapath;C:\Windows\system32;C:\Windows;C:\Windows\System32\Wbem;C:\Windows\System32\WindowsPowerShell\v1.0\;C:\ProgramData\chocolatey\bin;C:\Program Files\Common Files\ThinPrint\;C:\Program Files\Git\cmd;C:\Users\ukumar\AppData\Local\Microsoft\WindowsApps;;C:\Users\ukumar\AppData\Local\JetBrains\IntelliJ IDEA Community Edition 2022.2\bin;;C:\Users\ukumar\AppData\Local\JetBrains\IntelliJ IDEA 2022.2.1\bin;;C:\Users\ukumar\eclipse\java-2022-06\eclipse;
USERNAME=ukumar
OS=Windows_NT
PROCESSOR_IDENTIFIER=Intel64 Family 6 Model 85 Stepping 7, GenuineIntel



---------------  S Y S T E M  ---------------

OS:
 Windows 10 , 64 bit Build 14393 (10.0.14393.5127)
OS uptime: 0 days 16:10 hours
VMWare virtualization detected

CPU: total 2 (initial active 2) (2 cores per cpu, 1 threads per core) family 6 model 85 stepping 7 microcode 0x5003302, cx8, cmov, fxsr, mmx, 3dnowpref, sse, sse2, sse3, ssse3, sse4.1, sse4.2, popcnt, lzcnt, tsc, tscinvbit, avx, avx2, aes, erms, clmul, bmi1, bmi2, adx, avx512f, avx512dq, avx512cd, avx512bw, avx512vl, fma, vzeroupper, clflush, clflushopt, clwb, hv

Memory: 4k page, system-wide physical 8190M (1989M free)
TotalPageFile size 10041M (AvailPageFile size 3M)
current process WorkingSet (physical memory assigned to process): 203M, peak: 203M
current process commit charge ("private bytes"): 246M, peak: 255M

vm_info: OpenJDK 64-Bit Server VM (17.0.3+7) for windows-amd64 JRE (17.0.3+7), built on Apr 19 2022 16:55:35 by "" with MS VC++ 16.7 (VS2019)

END.
