#
# There is insufficient memory for the Java Runtime Environment to continue.
# Native memory allocation (malloc) failed to allocate 32744 bytes for ChunkPool::allocate
# Possible reasons:
#   The system is out of physical RAM or swap space
#   The process is running with CompressedOops enabled, and the Java Heap may be blocking the growth of the native heap
# Possible solutions:
#   Reduce memory load on the system
#   Increase physical memory or swap space
#   Check if swap backing store is full
#   Decrease Java heap size (-Xmx/-Xms)
#   Decrease number of Java threads
#   Decrease Java thread stack sizes (-Xss)
#   Set larger code cache with -XX:ReservedCodeCacheSize=
#   JVM is running with Unscaled Compressed Oops mode in which the Java heap is
#     placed in the first 4GB address space. The Java Heap base address is the
#     maximum limit for the native heap growth. Please use -XX:HeapBaseMinAddress
#     to set the Java Heap base and to place the Java Heap above 4GB virtual address.
# This output file may be truncated or incomplete.
#
#  Out of Memory Error (arena.cpp:78), pid=2252, tid=11680
#
# JRE version: OpenJDK Runtime Environment Temurin-17.0.3+7 (17.0.3+7) (build 17.0.3+7)
# Java VM: OpenJDK 64-Bit Server VM Temurin-17.0.3+7 (17.0.3+7, mixed mode, tiered, compressed oops, compressed class ptrs, g1 gc, windows-amd64)
# No core dump will be written. Minidumps are not enabled by default on client versions of Windows
#

---------------  S U M M A R Y ------------

Command Line: -ea -Dfile.encoding=UTF-8 -XX:+ShowCodeDetailsInExceptionMessages org.testng.remote.RemoteTestNG -serport 59955 -protocol json -d C:\Users\ukumar\Downloads\SoapWebServiceTest\test-output C:\Users\ukumar\AppData\Local\Temp\testng-eclipse-2048077521\testng-customsuite.xml

Host: Intel(R) Xeon(R) Gold 6240 CPU @ 2.60GHz, 2 cores, 7G,  Windows 10 , 64 bit Build 14393 (10.0.14393.5127)
Time: Fri Nov 11 15:56:07 2022 India Standard Time elapsed time: 15.513329 seconds (0d 0h 0m 15s)

---------------  T H R E A D  ---------------

Current thread (0x00000141ad5fb300):  JavaThread "C2 CompilerThread0" daemon [_thread_in_native, id=11680, stack(0x00000034cab00000,0x00000034cac00000)]


Current CompileTask:
C2:  15513  114 %     4       java.util.zip.ZipCoder$UTF8ZipCoder::checkedHash @ 14 (91 bytes)

Stack: [0x00000034cab00000,0x00000034cac00000]
Native frames: (J=compiled Java code, j=interpreted, Vv=VM code, C=native code)
V  [jvm.dll+0x675efa]
V  [jvm.dll+0x830a24]
V  [jvm.dll+0x8321ce]
V  [jvm.dll+0x832833]
V  [jvm.dll+0x2454b5]
V  [jvm.dll+0xabfc0]
V  [jvm.dll+0xac30c]
V  [jvm.dll+0x11d8e8]
V  [jvm.dll+0x69f2bb]
V  [jvm.dll+0x1bbcb4]
V  [jvm.dll+0x2184b9]
V  [jvm.dll+0x217781]
V  [jvm.dll+0x1a3ccd]
V  [jvm.dll+0x227178]
V  [jvm.dll+0x2252bc]
V  [jvm.dll+0x7e673b]
V  [jvm.dll+0x7e0cfa]
V  [jvm.dll+0x674d85]
C  [ucrtbase.dll+0x1fb80]
C  [KERNEL32.DLL+0x84d4]
C  [ntdll.dll+0x51791]


---------------  P R O C E S S  ---------------

Threads class SMR info:
_java_thread_list=0x00000141c963a3b0, length=12, elements={
0x00000141ad787800, 0x00000141c947f2a0, 0x00000141c9480d20, 0x00000141c9485890,
0x00000141c945a7e0, 0x00000141c945b4a0, 0x00000141c94a3020, 0x00000141ad5fb300,
0x00000141ad5fb810, 0x00000141c9521470, 0x00000141c96213d0, 0x00000141c96436f0
}

Java Threads: ( => current thread )
  0x00000141ad787800 JavaThread "main" [_thread_in_native, id=11860, stack(0x00000034c9e00000,0x00000034c9f00000)]
  0x00000141c947f2a0 JavaThread "Reference Handler" daemon [_thread_blocked, id=5444, stack(0x00000034ca500000,0x00000034ca600000)]
  0x00000141c9480d20 JavaThread "Finalizer" daemon [_thread_blocked, id=6204, stack(0x00000034ca600000,0x00000034ca700000)]
  0x00000141c9485890 JavaThread "Signal Dispatcher" daemon [_thread_blocked, id=10344, stack(0x00000034ca700000,0x00000034ca800000)]
  0x00000141c945a7e0 JavaThread "Attach Listener" daemon [_thread_blocked, id=10032, stack(0x00000034ca800000,0x00000034ca900000)]
  0x00000141c945b4a0 JavaThread "Service Thread" daemon [_thread_blocked, id=6616, stack(0x00000034ca900000,0x00000034caa00000)]
  0x00000141c94a3020 JavaThread "Monitor Deflation Thread" daemon [_thread_blocked, id=10700, stack(0x00000034caa00000,0x00000034cab00000)]
=>0x00000141ad5fb300 JavaThread "C2 CompilerThread0" daemon [_thread_in_native, id=11680, stack(0x00000034cab00000,0x00000034cac00000)]
  0x00000141ad5fb810 JavaThread "C1 CompilerThread0" daemon [_thread_blocked, id=756, stack(0x00000034cac00000,0x00000034cad00000)]
  0x00000141c9521470 JavaThread "Sweeper thread" daemon [_thread_blocked, id=1220, stack(0x00000034cad00000,0x00000034cae00000)]
  0x00000141c96213d0 JavaThread "Notification Thread" daemon [_thread_blocked, id=3280, stack(0x00000034cae00000,0x00000034caf00000)]
  0x00000141c96436f0 JavaThread "Common-Cleaner" daemon [_thread_blocked, id=5724, stack(0x00000034cb000000,0x00000034cb100000)]

Other Threads:
  0x00000141c940b800 VMThread "VM Thread" [stack: 0x00000034ca400000,0x00000034ca500000] [id=7704]
  0x00000141ad5f83c0 WatcherThread [stack: 0x00000034caf00000,0x00000034cb000000] [id=7608]
  0x00000141c65860b0 GCTaskThread "GC Thread#0" [stack: 0x00000034c9f00000,0x00000034ca000000] [id=13896]
  0x00000141c6596e00 ConcurrentGCThread "G1 Main Marker" [stack: 0x00000034ca000000,0x00000034ca100000] [id=7720]
  0x00000141c6598bc0 ConcurrentGCThread "G1 Conc#0" [stack: 0x00000034ca100000,0x00000034ca200000] [id=12520]
  0x00000141c6608ef0 ConcurrentGCThread "G1 Refine#0" [stack: 0x00000034ca200000,0x00000034ca300000] [id=464]
  0x00000141c6609820 ConcurrentGCThread "G1 Service" [stack: 0x00000034ca300000,0x00000034ca400000] [id=8904]

Threads with active compile tasks:
C2 CompilerThread0    15575  114 %     4       java.util.zip.ZipCoder$UTF8ZipCoder::checkedHash @ 14 (91 bytes)

VM state: not at safepoint (normal execution)

VM Mutex/Monitor currently owned by a thread: None

Heap address: 0x0000000080000000, size: 2048 MB, Compressed Oops mode: 32-bit

CDS archive(s) not mapped
Compressed class space mapped at: 0x0000000100000000-0x0000000140000000, reserved size: 1073741824
Narrow klass base: 0x0000000000000000, Narrow klass shift: 3, Narrow klass range: 0x140000000

GC Precious Log:
 CPUs: 2 total, 2 available
 Memory: 8190M
 Large Page Support: Disabled
 NUMA Support: Disabled
 Compressed Oops: Enabled (32-bit)
 Heap Region Size: 1M
 Heap Min Capacity: 8M
 Heap Initial Capacity: 128M
 Heap Max Capacity: 2G
 Pre-touch: Disabled
 Parallel Workers: 2
 Concurrent Workers: 1
 Concurrent Refinement Workers: 2
 Periodic GC: Disabled

Heap:
 garbage-first heap   total 131072K, used 1024K [0x0000000080000000, 0x0000000100000000)
  region size 1024K, 3 young (3072K), 0 survivors (0K)
 Metaspace       used 4719K, committed 4928K, reserved 1056768K
  class space    used 389K, committed 512K, reserved 1048576K

Heap Regions: E=young(eden), S=young(survivor), O=old, HS=humongous(starts), HC=humongous(continues), CS=collection set, F=free, OA=open archive, CA=closed archive, TAMS=top-at-mark-start (previous, next)
|   0|0x0000000080000000, 0x0000000080000000, 0x0000000080100000|  0%| F|  |TAMS 0x0000000080000000, 0x0000000080000000| Untracked 
|   1|0x0000000080100000, 0x0000000080100000, 0x0000000080200000|  0%| F|  |TAMS 0x0000000080100000, 0x0000000080100000| Untracked 
|   2|0x0000000080200000, 0x0000000080200000, 0x0000000080300000|  0%| F|  |TAMS 0x0000000080200000, 0x0000000080200000| Untracked 
|   3|0x0000000080300000, 0x0000000080300000, 0x0000000080400000|  0%| F|  |TAMS 0x0000000080300000, 0x0000000080300000| Untracked 
|   4|0x0000000080400000, 0x0000000080400000, 0x0000000080500000|  0%| F|  |TAMS 0x0000000080400000, 0x0000000080400000| Untracked 
|   5|0x0000000080500000, 0x0000000080500000, 0x0000000080600000|  0%| F|  |TAMS 0x0000000080500000, 0x0000000080500000| Untracked 
|   6|0x0000000080600000, 0x0000000080600000, 0x0000000080700000|  0%| F|  |TAMS 0x0000000080600000, 0x0000000080600000| Untracked 
|   7|0x0000000080700000, 0x0000000080700000, 0x0000000080800000|  0%| F|  |TAMS 0x0000000080700000, 0x0000000080700000| Untracked 
|   8|0x0000000080800000, 0x0000000080800000, 0x0000000080900000|  0%| F|  |TAMS 0x0000000080800000, 0x0000000080800000| Untracked 
|   9|0x0000000080900000, 0x0000000080900000, 0x0000000080a00000|  0%| F|  |TAMS 0x0000000080900000, 0x0000000080900000| Untracked 
|  10|0x0000000080a00000, 0x0000000080a00000, 0x0000000080b00000|  0%| F|  |TAMS 0x0000000080a00000, 0x0000000080a00000| Untracked 
|  11|0x0000000080b00000, 0x0000000080b00000, 0x0000000080c00000|  0%| F|  |TAMS 0x0000000080b00000, 0x0000000080b00000| Untracked 
|  12|0x0000000080c00000, 0x0000000080c00000, 0x0000000080d00000|  0%| F|  |TAMS 0x0000000080c00000, 0x0000000080c00000| Untracked 
|  13|0x0000000080d00000, 0x0000000080d00000, 0x0000000080e00000|  0%| F|  |TAMS 0x0000000080d00000, 0x0000000080d00000| Untracked 
|  14|0x0000000080e00000, 0x0000000080e00000, 0x0000000080f00000|  0%| F|  |TAMS 0x0000000080e00000, 0x0000000080e00000| Untracked 
|  15|0x0000000080f00000, 0x0000000080f00000, 0x0000000081000000|  0%| F|  |TAMS 0x0000000080f00000, 0x0000000080f00000| Untracked 
|  16|0x0000000081000000, 0x0000000081000000, 0x0000000081100000|  0%| F|  |TAMS 0x0000000081000000, 0x0000000081000000| Untracked 
|  17|0x0000000081100000, 0x0000000081100000, 0x0000000081200000|  0%| F|  |TAMS 0x0000000081100000, 0x0000000081100000| Untracked 
|  18|0x0000000081200000, 0x0000000081200000, 0x0000000081300000|  0%| F|  |TAMS 0x0000000081200000, 0x0000000081200000| Untracked 
|  19|0x0000000081300000, 0x0000000081300000, 0x0000000081400000|  0%| F|  |TAMS 0x0000000081300000, 0x0000000081300000| Untracked 
|  20|0x0000000081400000, 0x0000000081400000, 0x0000000081500000|  0%| F|  |TAMS 0x0000000081400000, 0x0000000081400000| Untracked 
|  21|0x0000000081500000, 0x0000000081500000, 0x0000000081600000|  0%| F|  |TAMS 0x0000000081500000, 0x0000000081500000| Untracked 
|  22|0x0000000081600000, 0x0000000081600000, 0x0000000081700000|  0%| F|  |TAMS 0x0000000081600000, 0x0000000081600000| Untracked 
|  23|0x0000000081700000, 0x0000000081700000, 0x0000000081800000|  0%| F|  |TAMS 0x0000000081700000, 0x0000000081700000| Untracked 
|  24|0x0000000081800000, 0x0000000081800000, 0x0000000081900000|  0%| F|  |TAMS 0x0000000081800000, 0x0000000081800000| Untracked 
|  25|0x0000000081900000, 0x0000000081900000, 0x0000000081a00000|  0%| F|  |TAMS 0x0000000081900000, 0x0000000081900000| Untracked 
|  26|0x0000000081a00000, 0x0000000081a00000, 0x0000000081b00000|  0%| F|  |TAMS 0x0000000081a00000, 0x0000000081a00000| Untracked 
|  27|0x0000000081b00000, 0x0000000081b00000, 0x0000000081c00000|  0%| F|  |TAMS 0x0000000081b00000, 0x0000000081b00000| Untracked 
|  28|0x0000000081c00000, 0x0000000081c00000, 0x0000000081d00000|  0%| F|  |TAMS 0x0000000081c00000, 0x0000000081c00000| Untracked 
|  29|0x0000000081d00000, 0x0000000081d00000, 0x0000000081e00000|  0%| F|  |TAMS 0x0000000081d00000, 0x0000000081d00000| Untracked 
|  30|0x0000000081e00000, 0x0000000081e00000, 0x0000000081f00000|  0%| F|  |TAMS 0x0000000081e00000, 0x0000000081e00000| Untracked 
|  31|0x0000000081f00000, 0x0000000081f00000, 0x0000000082000000|  0%| F|  |TAMS 0x0000000081f00000, 0x0000000081f00000| Untracked 
|  32|0x0000000082000000, 0x0000000082000000, 0x0000000082100000|  0%| F|  |TAMS 0x0000000082000000, 0x0000000082000000| Untracked 
|  33|0x0000000082100000, 0x0000000082100000, 0x0000000082200000|  0%| F|  |TAMS 0x0000000082100000, 0x0000000082100000| Untracked 
|  34|0x0000000082200000, 0x0000000082200000, 0x0000000082300000|  0%| F|  |TAMS 0x0000000082200000, 0x0000000082200000| Untracked 
|  35|0x0000000082300000, 0x0000000082300000, 0x0000000082400000|  0%| F|  |TAMS 0x0000000082300000, 0x0000000082300000| Untracked 
|  36|0x0000000082400000, 0x0000000082400000, 0x0000000082500000|  0%| F|  |TAMS 0x0000000082400000, 0x0000000082400000| Untracked 
|  37|0x0000000082500000, 0x0000000082500000, 0x0000000082600000|  0%| F|  |TAMS 0x0000000082500000, 0x0000000082500000| Untracked 
|  38|0x0000000082600000, 0x0000000082600000, 0x0000000082700000|  0%| F|  |TAMS 0x0000000082600000, 0x0000000082600000| Untracked 
|  39|0x0000000082700000, 0x0000000082700000, 0x0000000082800000|  0%| F|  |TAMS 0x0000000082700000, 0x0000000082700000| Untracked 
|  40|0x0000000082800000, 0x0000000082800000, 0x0000000082900000|  0%| F|  |TAMS 0x0000000082800000, 0x0000000082800000| Untracked 
|  41|0x0000000082900000, 0x0000000082900000, 0x0000000082a00000|  0%| F|  |TAMS 0x0000000082900000, 0x0000000082900000| Untracked 
|  42|0x0000000082a00000, 0x0000000082a00000, 0x0000000082b00000|  0%| F|  |TAMS 0x0000000082a00000, 0x0000000082a00000| Untracked 
|  43|0x0000000082b00000, 0x0000000082b00000, 0x0000000082c00000|  0%| F|  |TAMS 0x0000000082b00000, 0x0000000082b00000| Untracked 
|  44|0x0000000082c00000, 0x0000000082c00000, 0x0000000082d00000|  0%| F|  |TAMS 0x0000000082c00000, 0x0000000082c00000| Untracked 
|  45|0x0000000082d00000, 0x0000000082d00000, 0x0000000082e00000|  0%| F|  |TAMS 0x0000000082d00000, 0x0000000082d00000| Untracked 
|  46|0x0000000082e00000, 0x0000000082e00000, 0x0000000082f00000|  0%| F|  |TAMS 0x0000000082e00000, 0x0000000082e00000| Untracked 
|  47|0x0000000082f00000, 0x0000000082f00000, 0x0000000083000000|  0%| F|  |TAMS 0x0000000082f00000, 0x0000000082f00000| Untracked 
|  48|0x0000000083000000, 0x0000000083000000, 0x0000000083100000|  0%| F|  |TAMS 0x0000000083000000, 0x0000000083000000| Untracked 
|  49|0x0000000083100000, 0x0000000083100000, 0x0000000083200000|  0%| F|  |TAMS 0x0000000083100000, 0x0000000083100000| Untracked 
|  50|0x0000000083200000, 0x0000000083200000, 0x0000000083300000|  0%| F|  |TAMS 0x0000000083200000, 0x0000000083200000| Untracked 
|  51|0x0000000083300000, 0x0000000083300000, 0x0000000083400000|  0%| F|  |TAMS 0x0000000083300000, 0x0000000083300000| Untracked 
|  52|0x0000000083400000, 0x0000000083400000, 0x0000000083500000|  0%| F|  |TAMS 0x0000000083400000, 0x0000000083400000| Untracked 
|  53|0x0000000083500000, 0x0000000083500000, 0x0000000083600000|  0%| F|  |TAMS 0x0000000083500000, 0x0000000083500000| Untracked 
|  54|0x0000000083600000, 0x0000000083600000, 0x0000000083700000|  0%| F|  |TAMS 0x0000000083600000, 0x0000000083600000| Untracked 
|  55|0x0000000083700000, 0x0000000083700000, 0x0000000083800000|  0%| F|  |TAMS 0x0000000083700000, 0x0000000083700000| Untracked 
|  56|0x0000000083800000, 0x0000000083800000, 0x0000000083900000|  0%| F|  |TAMS 0x0000000083800000, 0x0000000083800000| Untracked 
|  57|0x0000000083900000, 0x0000000083900000, 0x0000000083a00000|  0%| F|  |TAMS 0x0000000083900000, 0x0000000083900000| Untracked 
|  58|0x0000000083a00000, 0x0000000083a00000, 0x0000000083b00000|  0%| F|  |TAMS 0x0000000083a00000, 0x0000000083a00000| Untracked 
|  59|0x0000000083b00000, 0x0000000083b00000, 0x0000000083c00000|  0%| F|  |TAMS 0x0000000083b00000, 0x0000000083b00000| Untracked 
|  60|0x0000000083c00000, 0x0000000083c00000, 0x0000000083d00000|  0%| F|  |TAMS 0x0000000083c00000, 0x0000000083c00000| Untracked 
|  61|0x0000000083d00000, 0x0000000083d00000, 0x0000000083e00000|  0%| F|  |TAMS 0x0000000083d00000, 0x0000000083d00000| Untracked 
|  62|0x0000000083e00000, 0x0000000083e00000, 0x0000000083f00000|  0%| F|  |TAMS 0x0000000083e00000, 0x0000000083e00000| Untracked 
|  63|0x0000000083f00000, 0x0000000083f00000, 0x0000000084000000|  0%| F|  |TAMS 0x0000000083f00000, 0x0000000083f00000| Untracked 
|  64|0x0000000084000000, 0x0000000084000000, 0x0000000084100000|  0%| F|  |TAMS 0x0000000084000000, 0x0000000084000000| Untracked 
|  65|0x0000000084100000, 0x0000000084100000, 0x0000000084200000|  0%| F|  |TAMS 0x0000000084100000, 0x0000000084100000| Untracked 
|  66|0x0000000084200000, 0x0000000084200000, 0x0000000084300000|  0%| F|  |TAMS 0x0000000084200000, 0x0000000084200000| Untracked 
|  67|0x0000000084300000, 0x0000000084300000, 0x0000000084400000|  0%| F|  |TAMS 0x0000000084300000, 0x0000000084300000| Untracked 
|  68|0x0000000084400000, 0x0000000084400000, 0x0000000084500000|  0%| F|  |TAMS 0x0000000084400000, 0x0000000084400000| Untracked 
|  69|0x0000000084500000, 0x0000000084500000, 0x0000000084600000|  0%| F|  |TAMS 0x0000000084500000, 0x0000000084500000| Untracked 
|  70|0x0000000084600000, 0x0000000084600000, 0x0000000084700000|  0%| F|  |TAMS 0x0000000084600000, 0x0000000084600000| Untracked 
|  71|0x0000000084700000, 0x0000000084700000, 0x0000000084800000|  0%| F|  |TAMS 0x0000000084700000, 0x0000000084700000| Untracked 
|  72|0x0000000084800000, 0x0000000084800000, 0x0000000084900000|  0%| F|  |TAMS 0x0000000084800000, 0x0000000084800000| Untracked 
|  73|0x0000000084900000, 0x0000000084900000, 0x0000000084a00000|  0%| F|  |TAMS 0x0000000084900000, 0x0000000084900000| Untracked 
|  74|0x0000000084a00000, 0x0000000084a00000, 0x0000000084b00000|  0%| F|  |TAMS 0x0000000084a00000, 0x0000000084a00000| Untracked 
|  75|0x0000000084b00000, 0x0000000084b00000, 0x0000000084c00000|  0%| F|  |TAMS 0x0000000084b00000, 0x0000000084b00000| Untracked 
|  76|0x0000000084c00000, 0x0000000084c00000, 0x0000000084d00000|  0%| F|  |TAMS 0x0000000084c00000, 0x0000000084c00000| Untracked 
|  77|0x0000000084d00000, 0x0000000084d00000, 0x0000000084e00000|  0%| F|  |TAMS 0x0000000084d00000, 0x0000000084d00000| Untracked 
|  78|0x0000000084e00000, 0x0000000084e00000, 0x0000000084f00000|  0%| F|  |TAMS 0x0000000084e00000, 0x0000000084e00000| Untracked 
|  79|0x0000000084f00000, 0x0000000084f00000, 0x0000000085000000|  0%| F|  |TAMS 0x0000000084f00000, 0x0000000084f00000| Untracked 
|  80|0x0000000085000000, 0x0000000085000000, 0x0000000085100000|  0%| F|  |TAMS 0x0000000085000000, 0x0000000085000000| Untracked 
|  81|0x0000000085100000, 0x0000000085100000, 0x0000000085200000|  0%| F|  |TAMS 0x0000000085100000, 0x0000000085100000| Untracked 
|  82|0x0000000085200000, 0x0000000085200000, 0x0000000085300000|  0%| F|  |TAMS 0x0000000085200000, 0x0000000085200000| Untracked 
|  83|0x0000000085300000, 0x0000000085300000, 0x0000000085400000|  0%| F|  |TAMS 0x0000000085300000, 0x0000000085300000| Untracked 
|  84|0x0000000085400000, 0x0000000085400000, 0x0000000085500000|  0%| F|  |TAMS 0x0000000085400000, 0x0000000085400000| Untracked 
|  85|0x0000000085500000, 0x0000000085500000, 0x0000000085600000|  0%| F|  |TAMS 0x0000000085500000, 0x0000000085500000| Untracked 
|  86|0x0000000085600000, 0x0000000085600000, 0x0000000085700000|  0%| F|  |TAMS 0x0000000085600000, 0x0000000085600000| Untracked 
|  87|0x0000000085700000, 0x0000000085700000, 0x0000000085800000|  0%| F|  |TAMS 0x0000000085700000, 0x0000000085700000| Untracked 
|  88|0x0000000085800000, 0x0000000085800000, 0x0000000085900000|  0%| F|  |TAMS 0x0000000085800000, 0x0000000085800000| Untracked 
|  89|0x0000000085900000, 0x0000000085900000, 0x0000000085a00000|  0%| F|  |TAMS 0x0000000085900000, 0x0000000085900000| Untracked 
|  90|0x0000000085a00000, 0x0000000085a00000, 0x0000000085b00000|  0%| F|  |TAMS 0x0000000085a00000, 0x0000000085a00000| Untracked 
|  91|0x0000000085b00000, 0x0000000085b00000, 0x0000000085c00000|  0%| F|  |TAMS 0x0000000085b00000, 0x0000000085b00000| Untracked 
|  92|0x0000000085c00000, 0x0000000085c00000, 0x0000000085d00000|  0%| F|  |TAMS 0x0000000085c00000, 0x0000000085c00000| Untracked 
|  93|0x0000000085d00000, 0x0000000085d00000, 0x0000000085e00000|  0%| F|  |TAMS 0x0000000085d00000, 0x0000000085d00000| Untracked 
|  94|0x0000000085e00000, 0x0000000085e00000, 0x0000000085f00000|  0%| F|  |TAMS 0x0000000085e00000, 0x0000000085e00000| Untracked 
|  95|0x0000000085f00000, 0x0000000085f00000, 0x0000000086000000|  0%| F|  |TAMS 0x0000000085f00000, 0x0000000085f00000| Untracked 
|  96|0x0000000086000000, 0x0000000086000000, 0x0000000086100000|  0%| F|  |TAMS 0x0000000086000000, 0x0000000086000000| Untracked 
|  97|0x0000000086100000, 0x0000000086100000, 0x0000000086200000|  0%| F|  |TAMS 0x0000000086100000, 0x0000000086100000| Untracked 
|  98|0x0000000086200000, 0x0000000086200000, 0x0000000086300000|  0%| F|  |TAMS 0x0000000086200000, 0x0000000086200000| Untracked 
|  99|0x0000000086300000, 0x0000000086300000, 0x0000000086400000|  0%| F|  |TAMS 0x0000000086300000, 0x0000000086300000| Untracked 
| 100|0x0000000086400000, 0x0000000086400000, 0x0000000086500000|  0%| F|  |TAMS 0x0000000086400000, 0x0000000086400000| Untracked 
| 101|0x0000000086500000, 0x0000000086500000, 0x0000000086600000|  0%| F|  |TAMS 0x0000000086500000, 0x0000000086500000| Untracked 
| 102|0x0000000086600000, 0x0000000086600000, 0x0000000086700000|  0%| F|  |TAMS 0x0000000086600000, 0x0000000086600000| Untracked 
| 103|0x0000000086700000, 0x0000000086700000, 0x0000000086800000|  0%| F|  |TAMS 0x0000000086700000, 0x0000000086700000| Untracked 
| 104|0x0000000086800000, 0x0000000086800000, 0x0000000086900000|  0%| F|  |TAMS 0x0000000086800000, 0x0000000086800000| Untracked 
| 105|0x0000000086900000, 0x0000000086900000, 0x0000000086a00000|  0%| F|  |TAMS 0x0000000086900000, 0x0000000086900000| Untracked 
| 106|0x0000000086a00000, 0x0000000086a00000, 0x0000000086b00000|  0%| F|  |TAMS 0x0000000086a00000, 0x0000000086a00000| Untracked 
| 107|0x0000000086b00000, 0x0000000086b00000, 0x0000000086c00000|  0%| F|  |TAMS 0x0000000086b00000, 0x0000000086b00000| Untracked 
| 108|0x0000000086c00000, 0x0000000086c00000, 0x0000000086d00000|  0%| F|  |TAMS 0x0000000086c00000, 0x0000000086c00000| Untracked 
| 109|0x0000000086d00000, 0x0000000086d00000, 0x0000000086e00000|  0%| F|  |TAMS 0x0000000086d00000, 0x0000000086d00000| Untracked 
| 110|0x0000000086e00000, 0x0000000086e00000, 0x0000000086f00000|  0%| F|  |TAMS 0x0000000086e00000, 0x0000000086e00000| Untracked 
| 111|0x0000000086f00000, 0x0000000086f00000, 0x0000000087000000|  0%| F|  |TAMS 0x0000000086f00000, 0x0000000086f00000| Untracked 
| 112|0x0000000087000000, 0x0000000087000000, 0x0000000087100000|  0%| F|  |TAMS 0x0000000087000000, 0x0000000087000000| Untracked 
| 113|0x0000000087100000, 0x0000000087100000, 0x0000000087200000|  0%| F|  |TAMS 0x0000000087100000, 0x0000000087100000| Untracked 
| 114|0x0000000087200000, 0x0000000087200000, 0x0000000087300000|  0%| F|  |TAMS 0x0000000087200000, 0x0000000087200000| Untracked 
| 115|0x0000000087300000, 0x0000000087300000, 0x0000000087400000|  0%| F|  |TAMS 0x0000000087300000, 0x0000000087300000| Untracked 
| 116|0x0000000087400000, 0x0000000087400000, 0x0000000087500000|  0%| F|  |TAMS 0x0000000087400000, 0x0000000087400000| Untracked 
| 117|0x0000000087500000, 0x0000000087500000, 0x0000000087600000|  0%| F|  |TAMS 0x0000000087500000, 0x0000000087500000| Untracked 
| 118|0x0000000087600000, 0x0000000087600000, 0x0000000087700000|  0%| F|  |TAMS 0x0000000087600000, 0x0000000087600000| Untracked 
| 119|0x0000000087700000, 0x0000000087700000, 0x0000000087800000|  0%| F|  |TAMS 0x0000000087700000, 0x0000000087700000| Untracked 
| 120|0x0000000087800000, 0x0000000087800000, 0x0000000087900000|  0%| F|  |TAMS 0x0000000087800000, 0x0000000087800000| Untracked 
| 121|0x0000000087900000, 0x0000000087900000, 0x0000000087a00000|  0%| F|  |TAMS 0x0000000087900000, 0x0000000087900000| Untracked 
| 122|0x0000000087a00000, 0x0000000087a00000, 0x0000000087b00000|  0%| F|  |TAMS 0x0000000087a00000, 0x0000000087a00000| Untracked 
| 123|0x0000000087b00000, 0x0000000087b00000, 0x0000000087c00000|  0%| F|  |TAMS 0x0000000087b00000, 0x0000000087b00000| Untracked 
| 124|0x0000000087c00000, 0x0000000087c00000, 0x0000000087d00000|  0%| F|  |TAMS 0x0000000087c00000, 0x0000000087c00000| Untracked 
| 125|0x0000000087d00000, 0x0000000087ddf100, 0x0000000087e00000| 87%| E|  |TAMS 0x0000000087d00000, 0x0000000087d00000| Complete 
| 126|0x0000000087e00000, 0x0000000087f00000, 0x0000000087f00000|100%| E|  |TAMS 0x0000000087e00000, 0x0000000087e00000| Complete 
| 127|0x0000000087f00000, 0x0000000088000000, 0x0000000088000000|100%| E|CS|TAMS 0x0000000087f00000, 0x0000000087f00000| Complete 

Card table byte_map: [0x00000141c1d10000,0x00000141c2110000] _byte_map_base: 0x00000141c1910000

Marking Bits (Prev, Next): (CMBitMap*) 0x00000141c65864d0, (CMBitMap*) 0x00000141c6586510
 Prev Bits: [0x00000141c2510000, 0x00000141c4510000)
 Next Bits: [0x00000141c4510000, 0x00000141c6510000)

Polling page: 0x00000141ad530000

Metaspace:

Usage:
  Non-class:      4.23 MB used.
      Class:    389.23 KB used.
       Both:      4.61 MB used.

Virtual space:
  Non-class space:        8.00 MB reserved,       4.31 MB ( 54%) committed,  1 nodes.
      Class space:        1.00 GB reserved,     512.00 KB ( <1%) committed,  1 nodes.
             Both:        1.01 GB reserved,       4.81 MB ( <1%) committed. 

Chunk freelists:
   Non-Class:  2.99 MB
       Class:  3.56 MB
        Both:  6.55 MB

MaxMetaspaceSize: unlimited
CompressedClassSpaceSize: 1.00 GB
Initial GC threshold: 21.00 MB
Current GC threshold: 21.00 MB
CDS: off
MetaspaceReclaimPolicy: balanced
 - commit_granule_bytes: 65536.
 - commit_granule_words: 8192.
 - virtual_space_node_default_size: 1048576.
 - enlarge_chunks_in_place: 1.
 - new_chunks_are_fully_committed: 0.
 - uncommit_free_chunks: 1.
 - use_allocation_guard: 0.
 - handle_deallocations: 1.


Internal statistics:

num_allocs_failed_limit: 0.
num_arena_births: 4.
num_arena_deaths: 0.
num_vsnodes_births: 2.
num_vsnodes_deaths: 0.
num_space_committed: 77.
num_space_uncommitted: 0.
num_chunks_returned_to_freelist: 0.
num_chunks_taken_from_freelist: 9.
num_chunk_merges: 0.
num_chunk_splits: 4.
num_chunks_enlarged: 1.
num_purges: 0.
num_inconsistent_stats: 0.

CodeHeap 'non-profiled nmethods': size=120064Kb used=26Kb max_used=26Kb free=120037Kb
 bounds [0x00000141b9fd0000, 0x00000141ba240000, 0x00000141c1510000]
CodeHeap 'profiled nmethods': size=120000Kb used=249Kb max_used=249Kb free=119750Kb
 bounds [0x00000141b2aa0000, 0x00000141b2d10000, 0x00000141b9fd0000]
CodeHeap 'non-nmethods': size=5696Kb used=1070Kb max_used=1083Kb free=4625Kb
 bounds [0x00000141b2510000, 0x00000141b2780000, 0x00000141b2aa0000]
 total_blobs=482 nmethods=162 adapters=233
 compilation: enabled
              stopped_count=0, restarted_count=0
 full_count=0

Compilation events (20 events):
Event: 15.494 Thread 0x00000141ad5fb810  107       3       sun.nio.fs.WindowsPathParser::isInvalidPathChar (22 bytes)
Event: 15.494 Thread 0x00000141ad5fb810 nmethod 107 0x00000141b2ac4310 code [0x00000141b2ac44e0, 0x00000141b2ac4828]
Event: 15.494 Thread 0x00000141ad5fb810  108       3       java.lang.Math::max (11 bytes)
Event: 15.494 Thread 0x00000141ad5fb810 nmethod 108 0x00000141b2ac4990 code [0x00000141b2ac4b20, 0x00000141b2ac4c58]
Event: 15.494 Thread 0x00000141ad5fb810  109       3       java.lang.AbstractStringBuilder::putStringAt (12 bytes)
Event: 15.495 Thread 0x00000141ad5fb810 nmethod 109 0x00000141b2ac4d10 code [0x00000141b2ac4ec0, 0x00000141b2ac5108]
Event: 15.495 Thread 0x00000141ad5fb810  110       3       java.lang.AbstractStringBuilder::getCoder (15 bytes)
Event: 15.495 Thread 0x00000141ad5fb810 nmethod 110 0x00000141b2ac5290 code [0x00000141b2ac5420, 0x00000141b2ac5558]
Event: 15.495 Thread 0x00000141ad5fb810  111       3       java.lang.String::getBytes (46 bytes)
Event: 15.495 Thread 0x00000141ad5fb810 nmethod 111 0x00000141b2ac5610 code [0x00000141b2ac57e0, 0x00000141b2ac5af8]
Event: 15.495 Thread 0x00000141ad5fb810  112       3       java.lang.System::getSecurityManager (12 bytes)
Event: 15.495 Thread 0x00000141ad5fb810 nmethod 112 0x00000141b2ac5c10 code [0x00000141b2ac5da0, 0x00000141b2ac5f18]
Event: 15.498 Thread 0x00000141ad5fb810  113       3       java.util.zip.ZipFile$Source::zipCoderForPos (39 bytes)
Event: 15.498 Thread 0x00000141ad5fb300  114 %     4       java.util.zip.ZipCoder$UTF8ZipCoder::checkedHash @ 14 (91 bytes)
Event: 15.498 Thread 0x00000141ad5fb810 nmethod 113 0x00000141b2ac6010 code [0x00000141b2ac61e0, 0x00000141b2ac65c8]
Event: 15.500 Thread 0x00000141ad5fb810  115       3       java.util.zip.ZipUtils::CENHOW (9 bytes)
Event: 15.500 Thread 0x00000141ad5fb810 nmethod 115 0x00000141b2ac6790 code [0x00000141b2ac6920, 0x00000141b2ac6ad8]
Event: 15.504 Thread 0x00000141ad5fb810  116       3       java.lang.StringLatin1::inflate (34 bytes)
Event: 15.504 Thread 0x00000141ad5fb810 nmethod 116 0x00000141b2ac6c10 code [0x00000141b2ac6dc0, 0x00000141b2ac6fd8]
Event: 15.505 Thread 0x00000141ad5fb810  117       3       java.io.WinNTFileSystem::normalize (143 bytes)

GC Heap History (0 events):
No events

Deoptimization events (4 events):
Event: 1.079 Thread 0x00000141ad787800 Uncommon trap: trap_request=0xffffff45 fr.pc=0x00000141b9fd15f8 relative=0x0000000000000078
Event: 1.079 Thread 0x00000141ad787800 Uncommon trap: reason=unstable_if action=reinterpret pc=0x00000141b9fd15f8 method=java.lang.String.isLatin1()Z @ 10 c2
Event: 1.079 Thread 0x00000141ad787800 DEOPT PACKING pc=0x00000141b9fd15f8 sp=0x00000034c9eff040
Event: 1.079 Thread 0x00000141ad787800 DEOPT UNPACKING pc=0x00000141b2565c23 sp=0x00000034c9efef80 mode 2

Classes unloaded (0 events):
No events

Classes redefined (0 events):
No events

Internal exceptions (0 events):
No events

VM Operations (4 events):
Event: 1.377 Executing VM operation: Cleanup
Event: 1.377 Executing VM operation: Cleanup done
Event: 15.484 Executing VM operation: HandshakeAllThreads
Event: 15.484 Executing VM operation: HandshakeAllThreads done

Events (20 events):
Event: 15.487 loading class sun/security/util/LazyCodeSourcePermissionCollection
Event: 15.487 loading class java/security/PermissionCollection
Event: 15.487 loading class java/security/PermissionCollection done
Event: 15.487 loading class sun/security/util/LazyCodeSourcePermissionCollection done
Event: 15.487 loading class java/security/Permissions
Event: 15.488 loading class java/security/Permissions done
Event: 15.488 loading class java/lang/RuntimePermission
Event: 15.488 loading class java/lang/RuntimePermission done
Event: 15.488 loading class java/security/BasicPermissionCollection
Event: 15.488 loading class java/security/BasicPermissionCollection done
Event: 15.488 loading class java/security/AllPermission
Event: 15.488 loading class java/security/AllPermission done
Event: 15.488 loading class java/security/UnresolvedPermission
Event: 15.488 loading class java/security/UnresolvedPermission done
Event: 15.488 loading class java/security/SecureClassLoader$DebugHolder
Event: 15.488 loading class java/security/SecureClassLoader$DebugHolder done
Event: 15.488 loading class sun/security/util/Debug
Event: 15.488 loading class sun/security/util/Debug done
Event: 15.489 loading class jdk/internal/loader/URLClassPath$FileLoader
Event: 15.489 loading class jdk/internal/loader/URLClassPath$FileLoader done


Dynamic libraries:
0x00007ff706780000 - 0x00007ff70678e000 	C:\Users\ukumar\.p2\pool\plugins\org.eclipse.justj.openjdk.hotspot.jre.full.win32.x86_64_17.0.3.v20220515-1416\jre\bin\javaw.exe
0x00007ffd55780000 - 0x00007ffd5594f000 	C:\Windows\SYSTEM32\ntdll.dll
0x00007ffd53710000 - 0x00007ffd537bd000 	C:\Windows\System32\KERNEL32.DLL
0x00007ffd527e0000 - 0x00007ffd529fe000 	C:\Windows\System32\KERNELBASE.dll
0x00007ffd51cc0000 - 0x00007ffd51db4000 	C:\Windows\System32\ucrtbase.dll
0x00007ffd47d70000 - 0x00007ffd47d88000 	C:\Users\ukumar\.p2\pool\plugins\org.eclipse.justj.openjdk.hotspot.jre.full.win32.x86_64_17.0.3.v20220515-1416\jre\bin\jli.dll
0x00007ffd53000000 - 0x00007ffd53166000 	C:\Windows\System32\USER32.dll
0x00007ffd52d00000 - 0x00007ffd52d1e000 	C:\Windows\System32\win32u.dll
0x00007ffd53170000 - 0x00007ffd531a4000 	C:\Windows\System32\GDI32.dll
0x00007ffd51e20000 - 0x00007ffd51fa4000 	C:\Windows\System32\gdi32full.dll
0x00007ffd46090000 - 0x00007ffd460a9000 	C:\Users\ukumar\.p2\pool\plugins\org.eclipse.justj.openjdk.hotspot.jre.full.win32.x86_64_17.0.3.v20220515-1416\jre\bin\VCRUNTIME140.dll
0x00007ffd49190000 - 0x00007ffd4940a000 	C:\Windows\WinSxS\amd64_microsoft.windows.common-controls_6595b64144ccf1df_6.0.14393.4169_none_7de0bbf28341b1f2\COMCTL32.dll
0x00007ffd55520000 - 0x00007ffd555be000 	C:\Windows\System32\msvcrt.dll
0x00007ffd551d0000 - 0x00007ffd55496000 	C:\Windows\System32\combase.dll
0x00007ffd555c0000 - 0x00007ffd556dd000 	C:\Windows\System32\RPCRT4.dll
0x00007ffd51c50000 - 0x00007ffd51cbc000 	C:\Windows\System32\bcryptPrimitives.dll
0x00007ffd52ec0000 - 0x00007ffd52eee000 	C:\Windows\System32\IMM32.DLL
0x00007ffd24900000 - 0x00007ffd24f71000 	C:\Program Files\McAfee\DLP\Agent\fcagpph64.dll
0x00007ffd531c0000 - 0x00007ffd53266000 	C:\Windows\System32\ADVAPI32.dll
0x00007ffd52e60000 - 0x00007ffd52ebb000 	C:\Windows\System32\sechost.dll
0x00007ffd537c0000 - 0x00007ffd54cc6000 	C:\Windows\System32\SHELL32.dll
0x00007ffd52ab0000 - 0x00007ffd52af2000 	C:\Windows\System32\cfgmgr32.dll
0x00007ffd51fb0000 - 0x00007ffd52683000 	C:\Windows\System32\windows.storage.dll
0x00007ffd51bf0000 - 0x00007ffd51c3c000 	C:\Windows\System32\powrprof.dll
0x00007ffd534d0000 - 0x00007ffd53522000 	C:\Windows\System32\shlwapi.dll
0x00007ffd51bc0000 - 0x00007ffd51bcf000 	C:\Windows\System32\kernel.appcore.dll
0x00007ffd52690000 - 0x00007ffd52738000 	C:\Windows\System32\shcore.dll
0x00007ffd51bd0000 - 0x00007ffd51be4000 	C:\Windows\System32\profapi.dll
0x00007ffd52d20000 - 0x00007ffd52e59000 	C:\Windows\System32\ole32.dll
0x00007ffd54d30000 - 0x00007ffd54d9a000 	C:\Windows\System32\WS2_32.dll
0x00007ffd53270000 - 0x00007ffd53330000 	C:\Windows\System32\OLEAUT32.dll
0x00007ffd52740000 - 0x00007ffd527dc000 	C:\Windows\System32\msvcp_win.dll
0x00007ffd4c5f0000 - 0x00007ffd4c677000 	C:\Windows\SYSTEM32\WINSPOOL.DRV
0x00007ffd50a70000 - 0x00007ffd50a7a000 	C:\Windows\SYSTEM32\VERSION.dll
0x00007ffd51b00000 - 0x00007ffd51b2b000 	C:\Windows\SYSTEM32\bcrypt.dll
0x00007ffd517f0000 - 0x00007ffd5181c000 	C:\Windows\SYSTEM32\SspiCli.dll
0x00007ffd50310000 - 0x00007ffd50342000 	C:\Windows\SYSTEM32\ntmarta.dll
0x00000141ad560000 - 0x00000141ad574000 	C:\Windows\System32\umppc16012.dll
0x00007ffd51ac0000 - 0x00007ffd51af6000 	C:\Windows\system32\vmwsci.dll
0x00007ffd52ff0000 - 0x00007ffd52ff8000 	C:\Windows\System32\PSAPI.DLL
0x00007ffd47d50000 - 0x00007ffd47d5c000 	C:\Users\ukumar\.p2\pool\plugins\org.eclipse.justj.openjdk.hotspot.jre.full.win32.x86_64_17.0.3.v20220515-1416\jre\bin\vcruntime140_1.dll
0x00007ffd31130000 - 0x00007ffd311c1000 	C:\Users\ukumar\.p2\pool\plugins\org.eclipse.justj.openjdk.hotspot.jre.full.win32.x86_64_17.0.3.v20220515-1416\jre\bin\msvcp140.dll
0x00007ffcecad0000 - 0x00007ffced718000 	C:\Users\ukumar\.p2\pool\plugins\org.eclipse.justj.openjdk.hotspot.jre.full.win32.x86_64_17.0.3.v20220515-1416\jre\bin\server\jvm.dll
0x00007ffd414e0000 - 0x00007ffd414e9000 	C:\Windows\SYSTEM32\WSOCK32.dll
0x00007ffd4fcd0000 - 0x00007ffd4fcf3000 	C:\Windows\SYSTEM32\WINMM.dll
0x00007ffd4fc70000 - 0x00007ffd4fc9b000 	C:\Windows\SYSTEM32\WINMMBASE.dll
0x00007ffd47ac0000 - 0x00007ffd47aca000 	C:\Users\ukumar\.p2\pool\plugins\org.eclipse.justj.openjdk.hotspot.jre.full.win32.x86_64_17.0.3.v20220515-1416\jre\bin\jimage.dll
0x00007ffd46620000 - 0x00007ffd467b2000 	C:\Windows\SYSTEM32\DBGHELP.DLL
0x00007ffd40830000 - 0x00007ffd40859000 	C:\Windows\SYSTEM32\dbgcore.DLL
0x00007ffcecaa0000 - 0x00007ffcecac5000 	C:\Users\ukumar\.p2\pool\plugins\org.eclipse.justj.openjdk.hotspot.jre.full.win32.x86_64_17.0.3.v20220515-1416\jre\bin\java.dll
0x00007ffd47aa0000 - 0x00007ffd47ab8000 	C:\Users\ukumar\.p2\pool\plugins\org.eclipse.justj.openjdk.hotspot.jre.full.win32.x86_64_17.0.3.v20220515-1416\jre\bin\zip.dll
0x00007ffceca80000 - 0x00007ffceca99000 	C:\Users\ukumar\.p2\pool\plugins\org.eclipse.justj.openjdk.hotspot.jre.full.win32.x86_64_17.0.3.v20220515-1416\jre\bin\net.dll
0x00007ffd4d220000 - 0x00007ffd4d2ed000 	C:\Windows\SYSTEM32\WINHTTP.dll
0x00007ffd51440000 - 0x00007ffd5149d000 	C:\Windows\system32\mswsock.dll
0x00007ffceca60000 - 0x00007ffceca75000 	C:\Users\ukumar\.p2\pool\plugins\org.eclipse.justj.openjdk.hotspot.jre.full.win32.x86_64_17.0.3.v20220515-1416\jre\bin\nio.dll

dbghelp: loaded successfully - version: 4.0.5 - missing functions: none
symbol engine: initialized successfully - sym options: 0x614 - pdb path: .;C:\Users\ukumar\.p2\pool\plugins\org.eclipse.justj.openjdk.hotspot.jre.full.win32.x86_64_17.0.3.v20220515-1416\jre\bin;C:\Windows\SYSTEM32;C:\Windows\WinSxS\amd64_microsoft.windows.common-controls_6595b64144ccf1df_6.0.14393.4169_none_7de0bbf28341b1f2;C:\Program Files\McAfee\DLP\Agent;C:\Users\ukumar\.p2\pool\plugins\org.eclipse.justj.openjdk.hotspot.jre.full.win32.x86_64_17.0.3.v20220515-1416\jre\bin\server

VM Arguments:
jvm_args: -ea -Dfile.encoding=UTF-8 -XX:+ShowCodeDetailsInExceptionMessages 
java_command: org.testng.remote.RemoteTestNG -serport 59955 -protocol json -d C:\Users\ukumar\Downloads\SoapWebServiceTest\test-output C:\Users\ukumar\AppData\Local\Temp\testng-eclipse-2048077521\testng-customsuite.xml
java_class_path (initial): C:\Users\ukumar\eclipse\java-2022-06\eclipse\configuration\org.eclipse.osgi\432\0\.cp\lib\testng-remote.jar;C:\Users\ukumar\Downloads\SoapWebServiceTest\target\test-classes;C:\Users\ukumar\Downloads\SoapWebServiceTest\target\classes;C:\Users\ukumar\.m2\repository\org\springframework\boot\spring-boot-starter-web\2.7.2\spring-boot-starter-web-2.7.2.jar;C:\Users\ukumar\.m2\repository\org\springframework\boot\spring-boot-starter\2.7.2\spring-boot-starter-2.7.2.jar;C:\Users\ukumar\.m2\repository\org\springframework\boot\spring-boot\2.7.2\spring-boot-2.7.2.jar;C:\Users\ukumar\.m2\repository\org\springframework\boot\spring-boot-autoconfigure\2.7.2\spring-boot-autoconfigure-2.7.2.jar;C:\Users\ukumar\.m2\repository\org\springframework\boot\spring-boot-starter-logging\2.7.2\spring-boot-starter-logging-2.7.2.jar;C:\Users\ukumar\.m2\repository\ch\qos\logback\logback-classic\1.2.11\logback-classic-1.2.11.jar;C:\Users\ukumar\.m2\repository\ch\qos\logback\logback-core\1.2.11\logback-core-1.2.11.jar;C:\Users\ukumar\.m2\repository\org\apache\logging\log4j\log4j-to-slf4j\2.17.2\log4j-to-slf4j-2.17.2.jar;C:\Users\ukumar\.m2\repository\org\apache\logging\log4j\log4j-api\2.17.2\log4j-api-2.17.2.jar;C:\Users\ukumar\.m2\repository\org\slf4j\jul-to-slf4j\1.7.36\jul-to-slf4j-1.7.36.jar;C:\Users\ukumar\.m2\repository\jakarta\annotation\jakarta.annotation-api\1.3.5\jakarta.annotation-api-1.3.5.jar;C:\Users\ukumar\.m2\repository\org\yaml\snakeyaml\1.30\snakeyaml-1.30.jar;C:\Users\ukumar\.m2\repository\org\springframework\boot\spring-boot-starter-json\2.7.2\spring-boot-starter-json-2.7.2.jar;C:\Users\ukumar\.m2\repository\com\fasterxml\jackson\core\jackson-databind\2.13.3\jackson-databind-2.13.3.jar;C:\Users\ukumar\.m2\repository\com\fasterxml\jackson\core\jackson-annotations\2.13.3\jackson-annotations-2.13.3.jar;C:\Users\ukumar\.m2\repository\com\fasterxml\jackson\core\jackson-core\2.13.3\jackson-core-2.13.3.jar;C:\Users\ukumar\.m2\repository\com\fasterxml\jackson\
Launcher Type: SUN_STANDARD

[Global flags]
     intx CICompilerCount                          = 2                                         {product} {ergonomic}
     uint ConcGCThreads                            = 1                                         {product} {ergonomic}
     uint G1ConcRefinementThreads                  = 2                                         {product} {ergonomic}
   size_t G1HeapRegionSize                         = 1048576                                   {product} {ergonomic}
    uintx GCDrainStackTargetSize                   = 64                                        {product} {ergonomic}
   size_t InitialHeapSize                          = 134217728                                 {product} {ergonomic}
   size_t MarkStackSize                            = 4194304                                   {product} {ergonomic}
   size_t MaxHeapSize                              = 2147483648                                {product} {ergonomic}
   size_t MaxNewSize                               = 1287651328                                {product} {ergonomic}
   size_t MinHeapDeltaBytes                        = 1048576                                   {product} {ergonomic}
   size_t MinHeapSize                              = 8388608                                   {product} {ergonomic}
    uintx NonNMethodCodeHeapSize                   = 5826188                                {pd product} {ergonomic}
    uintx NonProfiledCodeHeapSize                  = 122916026                              {pd product} {ergonomic}
    uintx ProfiledCodeHeapSize                     = 122916026                              {pd product} {ergonomic}
    uintx ReservedCodeCacheSize                    = 251658240                              {pd product} {ergonomic}
     bool SegmentedCodeCache                       = true                                      {product} {ergonomic}
     bool ShowCodeDetailsInExceptionMessages       = true                                   {manageable} {command line}
   size_t SoftMaxHeapSize                          = 2147483648                             {manageable} {ergonomic}
     bool UseCompressedClassPointers               = true                           {product lp64_product} {ergonomic}
     bool UseCompressedOops                        = true                           {product lp64_product} {ergonomic}
     bool UseG1GC                                  = true                                      {product} {ergonomic}
     bool UseLargePagesIndividualAllocation        = false                                  {pd product} {ergonomic}

Logging:
Log output configuration:
 #0: stdout all=warning uptime,level,tags
 #1: stderr all=off uptime,level,tags

Environment Variables:
PATH=C:/Users/ukumar/.p2/pool/plugins/org.eclipse.justj.openjdk.hotspot.jre.full.win32.x86_64_17.0.3.v20220515-1416/jre/bin/server;C:/Users/ukumar/.p2/pool/plugins/org.eclipse.justj.openjdk.hotspot.jre.full.win32.x86_64_17.0.3.v20220515-1416/jre/bin;C:\Program Files (x86)\Common Files\Oracle\Java\javapath;C:\Windows\system32;C:\Windows;C:\Windows\System32\Wbem;C:\Windows\System32\WindowsPowerShell\v1.0\;C:\ProgramData\chocolatey\bin;C:\Program Files\Common Files\ThinPrint\;C:\Program Files\Git\cmd;C:\Users\ukumar\AppData\Local\Microsoft\WindowsApps;;C:\Users\ukumar\AppData\Local\JetBrains\IntelliJ IDEA Community Edition 2022.2\bin;;C:\Users\ukumar\AppData\Local\JetBrains\IntelliJ IDEA 2022.2.1\bin;;C:\Users\ukumar\eclipse\java-2022-06\eclipse;
USERNAME=ukumar
OS=Windows_NT
PROCESSOR_IDENTIFIER=Intel64 Family 6 Model 85 Stepping 7, GenuineIntel



---------------  S Y S T E M  ---------------

OS:
 Windows 10 , 64 bit Build 14393 (10.0.14393.5127)
OS uptime: 0 days 17:36 hours
VMWare virtualization detected

CPU: total 2 (initial active 2) (2 cores per cpu, 1 threads per core) family 6 model 85 stepping 7 microcode 0x5003302, cx8, cmov, fxsr, mmx, 3dnowpref, sse, sse2, sse3, ssse3, sse4.1, sse4.2, popcnt, lzcnt, tsc, tscinvbit, avx, avx2, aes, erms, clmul, bmi1, bmi2, adx, avx512f, avx512dq, avx512cd, avx512bw, avx512vl, fma, vzeroupper, clflush, clflushopt, clwb, hv

Memory: 4k page, system-wide physical 8190M (1404M free)
TotalPageFile size 9899M (AvailPageFile size 0M)
current process WorkingSet (physical memory assigned to process): 39M, peak: 39M
current process commit charge ("private bytes"): 197M, peak: 197M

vm_info: OpenJDK 64-Bit Server VM (17.0.3+7) for windows-amd64 JRE (17.0.3+7), built on Apr 19 2022 16:55:35 by "" with MS VC++ 16.7 (VS2019)

END.
